Train files already present
timestamp: 2019_03_13_02_01_31
Data dir: /rap/jvb-000-aa/COURS2019/etudiants/data/humanware/SVHN/train
Output dir: /home/user6/Humanware/results/SVHN_2019_03_13_02_01_31
Using config:
{'CONFIG_NAME': 'VGG19',
 'DATASET_NAME': 'SVHN',
 'HYPERSEARCH': False,
 'INPUT_DIR': '/rap/jvb-000-aa/COURS2019/etudiants/data/humanware/SVHN/train',
 'METADATA_FILENAME': '/rap/jvb-000-aa/COURS2019/etudiants/data/humanware/SVHN/train_metadata.pkl',
 'OUTPUT_DIR': '/home/user6/Humanware/results/SVHN_2019_03_13_02_01_31',
 'SEED': 1234,
 'TIMESTAMP': '2019_03_13_02_01_31',
 'TRAIN': {'BATCH_SIZE': 32,
           'DATASET_SPLIT': 'train',
           'LR': 0.001,
           'MOM': 0.9,
           'NUM_EPOCHS': 60,
           'SAMPLE_SIZE': -1,
           'VALID_SPLIT': 0.9}}
pytorch/random seed: 1234
Device used:  cuda:0

Epoch: 1/60
# Start training #

Iterating over train data...
	train loss: 0.0172
	Sequence Accuracy: 0.0145
	Sequence length Accuracy: 0.5495
	Digits Accuracy: {1: 0.2738673408289535, 2: 0.12066726993744345, 3: 0.11828546371409779, 4: 0.12306501547987617, 5: 0.1111111111111111}
Iterating over validation data...

Iterating over valid data...
	valid loss: 0.1808
	Sequence Accuracy: 0.0281
	Sequence length Accuracy: 0.6389
	Digits Accuracy: {1: 0.2772455089820359, 2: 0.14220505617977527, 3: 0.11846001974333663, 4: 0.11842105263157894, 5: 0.0}

Epoch: 2/60
# Start training #

Iterating over train data...
	train loss: 0.0203
	Sequence Accuracy: 0.0350
	Sequence length Accuracy: 0.7284
	Digits Accuracy: {1: 0.29189674672343824, 2: 0.16481095329897313, 3: 0.14843236132427098, 4: 0.13544891640866874, 5: 0.0}
Iterating over validation data...

Iterating over valid data...
	valid loss: 0.1394
	Sequence Accuracy: 0.0590
	Sequence length Accuracy: 0.7695
	Digits Accuracy: {1: 0.36377245508982037, 2: 0.20049157303370788, 3: 0.17867719644619942, 4: 0.24342105263157895, 5: 0.0}

Epoch: 3/60
# Start training #

Iterating over train data...
	train loss: 0.0121
	Sequence Accuracy: 0.1277
	Sequence length Accuracy: 0.7713
	Digits Accuracy: {1: 0.465072184152751, 2: 0.31919581382539247, 3: 0.28645033983775486, 4: 0.2306501547987616, 5: 0.2222222222222222}
Iterating over validation data...

Iterating over valid data...
	valid loss: 0.0896
	Sequence Accuracy: 0.1440
	Sequence length Accuracy: 0.7704
	Digits Accuracy: {1: 0.4739520958083832, 2: 0.37780898876404495, 3: 0.2764067127344521, 4: 0.32894736842105265, 5: 0.0}

Epoch: 4/60
# Start training #

Iterating over train data...
	train loss: 0.0115
	Sequence Accuracy: 0.3388
	Sequence length Accuracy: 0.8257
	Digits Accuracy: {1: 0.6510544873927218, 2: 0.5387339182436952, 3: 0.4660162245121684, 4: 0.39164086687306504, 5: 0.3333333333333333}
Iterating over validation data...

Iterating over valid data...
	valid loss: 0.1120
	Sequence Accuracy: 0.3976
	Sequence length Accuracy: 0.8392
	Digits Accuracy: {1: 0.7008982035928144, 2: 0.5846207865168539, 3: 0.5755182625863771, 4: 0.46710526315789475, 5: 0.0}

Epoch: 5/60
# Start training #

Iterating over train data...
	train loss: 0.0119
	Sequence Accuracy: 0.5119
	Sequence length Accuracy: 0.8605
	Digits Accuracy: {1: 0.7717716718781186, 2: 0.6708895621041036, 3: 0.6357158517868888, 4: 0.5673374613003096, 5: 0.1111111111111111}
Iterating over validation data...

Iterating over valid data...
	valid loss: 0.1122
	Sequence Accuracy: 0.5518
	Sequence length Accuracy: 0.8701
	Digits Accuracy: {1: 0.7901197604790419, 2: 0.6917134831460674, 3: 0.6604146100691016, 4: 0.5855263157894737, 5: 0.0}

Epoch: 6/60
# Start training #

Iterating over train data...
	train loss: 0.0102
	Sequence Accuracy: 0.6379
	Sequence length Accuracy: 0.8973
	Digits Accuracy: {1: 0.832745658971459, 2: 0.7745209898886573, 3: 0.7166191624643719, 4: 0.6989164086687306, 5: 0.5555555555555556}
Iterating over validation data...

Iterating over valid data...
	valid loss: 0.0435
	Sequence Accuracy: 0.6216
	Sequence length Accuracy: 0.9075
	Digits Accuracy: {1: 0.8290419161676646, 2: 0.7668539325842697, 3: 0.7077986179664363, 4: 0.6907894736842105, 5: 0.0}

Epoch: 7/60
# Start training #

Iterating over train data...
	train loss: 0.0041
	Sequence Accuracy: 0.6833
	Sequence length Accuracy: 0.9114
	Digits Accuracy: {1: 0.855565165324995, 2: 0.8107565802415706, 3: 0.7499451874588906, 4: 0.7492260061919505, 5: 0.6666666666666666}
Iterating over validation data...

Iterating over valid data...
	valid loss: 0.0422
	Sequence Accuracy: 0.6907
	Sequence length Accuracy: 0.9260
	Digits Accuracy: {1: 0.8601796407185629, 2: 0.8061797752808989, 3: 0.7512339585389931, 4: 0.756578947368421, 5: 1.0}

Epoch: 8/60
# Start training #

Iterating over train data...
	train loss: 0.0042
	Sequence Accuracy: 0.7172
	Sequence length Accuracy: 0.9236
	Digits Accuracy: {1: 0.8718648127203779, 2: 0.83294645316127, 3: 0.7855733391800044, 4: 0.8181114551083591, 5: 0.7777777777777778}
Iterating over validation data...

Iterating over valid data...
	valid loss: 0.0685
	Sequence Accuracy: 0.6760
	Sequence length Accuracy: 0.9174
	Digits Accuracy: {1: 0.8577844311377245, 2: 0.805126404494382, 3: 0.7433366238894373, 4: 0.7105263157894737, 5: 0.0}

Epoch: 9/60
# Start training #

Iterating over train data...
	train loss: 0.0037
	Sequence Accuracy: 0.7309
	Sequence length Accuracy: 0.9293
	Digits Accuracy: {1: 0.8754241234781451, 2: 0.8382972026596373, 3: 0.8133084849813638, 4: 0.8351393188854489, 5: 0.7777777777777778}
Iterating over validation data...

Iterating over valid data...
	valid loss: 0.0455
	Sequence Accuracy: 0.7308
	Sequence length Accuracy: 0.9338
	Digits Accuracy: {1: 0.874251497005988, 2: 0.8412921348314607, 3: 0.8203356367226061, 4: 0.8486842105263158, 5: 1.0}

Epoch: 10/60
# Start training #

Iterating over train data...
	train loss: 0.0027
	Sequence Accuracy: 0.7569
	Sequence length Accuracy: 0.9376
	Digits Accuracy: {1: 0.8881644601157608, 2: 0.8560412322461345, 3: 0.834685376014032, 4: 0.858359133126935, 5: 0.8888888888888888}
Iterating over validation data...

Iterating over valid data...
	valid loss: 0.0433
	Sequence Accuracy: 0.7707
	Sequence length Accuracy: 0.9494
	Digits Accuracy: {1: 0.8811377245508982, 2: 0.8672752808988764, 3: 0.8588351431391905, 4: 0.8421052631578947, 5: 1.0}
Checkpointing new model...

Epoch: 11/60
# Start training #

Iterating over train data...
	train loss: 0.0014
	Sequence Accuracy: 0.7684
	Sequence length Accuracy: 0.9419
	Digits Accuracy: {1: 0.8939192335839266, 2: 0.862847700358028, 3: 0.8467441350581013, 4: 0.8746130030959752, 5: 0.8888888888888888}
Iterating over validation data...

Iterating over valid data...
	valid loss: 0.0141
	Sequence Accuracy: 0.7443
	Sequence length Accuracy: 0.9527
	Digits Accuracy: {1: 0.8754491017964072, 2: 0.8553370786516854, 3: 0.8193484698914116, 4: 0.7302631578947368, 5: 1.0}

Epoch: 12/60
# Start training #

Iterating over train data...
	train loss: 0.0024
	Sequence Accuracy: 0.7820
	Sequence length Accuracy: 0.9453
	Digits Accuracy: {1: 0.8979109839664693, 2: 0.8704016996498407, 3: 0.8708616531462399, 4: 0.9024767801857585, 5: 1.0}
Iterating over validation data...

Iterating over valid data...
	valid loss: 0.0831
	Sequence Accuracy: 0.7811
	Sequence length Accuracy: 0.9476
	Digits Accuracy: {1: 0.8988023952095808, 2: 0.8693820224719101, 3: 0.8627838104639685, 4: 0.8092105263157895, 5: 0.0}

Epoch: 13/60
# Start training #

Iterating over train data...
	train loss: 0.0029
	Sequence Accuracy: 0.7851
	Sequence length Accuracy: 0.9485
	Digits Accuracy: {1: 0.9004723571286009, 2: 0.8740213243105008, 3: 0.8688884016663012, 4: 0.881578947368421, 5: 0.8888888888888888}
Iterating over validation data...

Iterating over valid data...
	valid loss: 0.0075
	Sequence Accuracy: 0.7931
	Sequence length Accuracy: 0.9494
	Digits Accuracy: {1: 0.8979041916167665, 2: 0.8767556179775281, 3: 0.8696939782823297, 4: 0.9013157894736842, 5: 0.0}

Epoch: 14/60
# Start training #

Iterating over train data...
	train loss: 0.0021
	Sequence Accuracy: 0.8047
	Sequence length Accuracy: 0.9535
	Digits Accuracy: {1: 0.9072915973654447, 2: 0.8887358854310108, 3: 0.8908134181100635, 4: 0.9179566563467493, 5: 1.0}
Iterating over validation data...

Iterating over valid data...
	valid loss: 0.0356
	Sequence Accuracy: 0.8030
	Sequence length Accuracy: 0.9584
	Digits Accuracy: {1: 0.9032934131736527, 2: 0.8855337078651685, 3: 0.8845014807502468, 4: 0.875, 5: 0.0}

Epoch: 15/60
# Start training #

Iterating over train data...
	train loss: 0.0063
	Sequence Accuracy: 0.8086
	Sequence length Accuracy: 0.9519
	Digits Accuracy: {1: 0.9085556516532499, 2: 0.8903489790297832, 3: 0.8968427976320982, 4: 0.9078947368421053, 5: 0.6666666666666666}
Iterating over validation data...

Iterating over valid data...
	valid loss: 0.0155
	Sequence Accuracy: 0.7365
	Sequence length Accuracy: 0.9569
	Digits Accuracy: {1: 0.8718562874251496, 2: 0.8374297752808989, 3: 0.8282329713721619, 4: 0.8026315789473685, 5: 1.0}

Epoch: 16/60
# Start training #

Iterating over train data...
	train loss: 0.0003
	Sequence Accuracy: 0.8220
	Sequence length Accuracy: 0.9568
	Digits Accuracy: {1: 0.9166056815913778, 2: 0.898296415784711, 3: 0.9033106774830081, 4: 0.9280185758513931, 5: 0.7777777777777778}
Iterating over validation data...

Iterating over valid data...
	valid loss: 0.0126
	Sequence Accuracy: 0.7737
	Sequence length Accuracy: 0.9458
	Digits Accuracy: {1: 0.8847305389221557, 2: 0.8760533707865169, 3: 0.8756169792694966, 4: 0.881578947368421, 5: 1.0}

Epoch: 17/60
# Start training #

Iterating over train data...
	train loss: 0.0025
	Sequence Accuracy: 0.8297
	Sequence length Accuracy: 0.9594
	Digits Accuracy: {1: 0.9176368837735347, 2: 0.9049455089113585, 3: 0.9099978074983556, 4: 0.9442724458204335, 5: 1.0}
Iterating over validation data...

Iterating over valid data...
	valid loss: 0.0226
	Sequence Accuracy: 0.8225
	Sequence length Accuracy: 0.9620
	Digits Accuracy: {1: 0.9104790419161677, 2: 0.898876404494382, 3: 0.9062191510365252, 4: 0.875, 5: 0.0}

Epoch: 18/60
# Start training #

Iterating over train data...
	train loss: 0.0009
	Sequence Accuracy: 0.8450
	Sequence length Accuracy: 0.9613
	Digits Accuracy: {1: 0.9252212095003659, 2: 0.9130503206515325, 3: 0.9207410655557992, 4: 0.9512383900928792, 5: 0.8888888888888888}
Iterating over validation data...

Iterating over valid data...
	valid loss: 0.0154
	Sequence Accuracy: 0.7946
	Sequence length Accuracy: 0.9575
	Digits Accuracy: {1: 0.8988023952095808, 2: 0.8865870786516854, 3: 0.87857847976308, 4: 0.8092105263157895, 5: 1.0}

Epoch: 19/60
# Start training #

Iterating over train data...
	train loss: 0.0017
	Sequence Accuracy: 0.8354
	Sequence length Accuracy: 0.9611
	Digits Accuracy: {1: 0.9207970194930477, 2: 0.9090766022740685, 3: 0.9181100635825477, 4: 0.9373065015479877, 5: 0.8888888888888888}
Iterating over validation data...

Iterating over valid data...
	valid loss: 0.0542
	Sequence Accuracy: 0.8293
	Sequence length Accuracy: 0.9596
	Digits Accuracy: {1: 0.920059880239521, 2: 0.9044943820224719, 3: 0.8963474827245804, 4: 0.8947368421052632, 5: 1.0}

Epoch: 20/60
# Start training #

Iterating over train data...
	train loss: 0.0071
	Sequence Accuracy: 0.8492
	Sequence length Accuracy: 0.9644
	Digits Accuracy: {1: 0.9277160534894551, 2: 0.9158437266396506, 3: 0.9260030695023022, 4: 0.9489164086687306, 5: 0.8888888888888888}
Iterating over validation data...

Iterating over valid data...
	valid loss: 0.0328
	Sequence Accuracy: 0.8111
	Sequence length Accuracy: 0.9599
	Digits Accuracy: {1: 0.9068862275449102, 2: 0.8918539325842697, 3: 0.8884501480750246, 4: 0.9013157894736842, 5: 1.0}
Checkpointing new model...

Epoch: 21/60
# Start training #

Iterating over train data...
	train loss: 0.0002
	Sequence Accuracy: 0.8549
	Sequence length Accuracy: 0.9655
	Digits Accuracy: {1: 0.9295788703346417, 2: 0.9200141637486722, 3: 0.9314843236132427, 4: 0.9605263157894737, 5: 1.0}
Iterating over validation data...

Iterating over valid data...
	valid loss: 0.0051
	Sequence Accuracy: 0.8482
	Sequence length Accuracy: 0.9659
	Digits Accuracy: {1: 0.927245508982036, 2: 0.9150280898876404, 3: 0.9170779861796644, 4: 0.8947368421052632, 5: 0.0}

Epoch: 22/60
# Start training #

Iterating over train data...
	train loss: 0.0034
	Sequence Accuracy: 0.8529
	Sequence length Accuracy: 0.9639
	Digits Accuracy: {1: 0.928913578604218, 2: 0.9201321949876067, 3: 0.9273185704889279, 4: 0.9489164086687306, 5: 1.0}
Iterating over validation data...

Iterating over valid data...
	valid loss: 0.0124
	Sequence Accuracy: 0.8275
	Sequence length Accuracy: 0.9632
	Digits Accuracy: {1: 0.9164670658682634, 2: 0.9020365168539326, 3: 0.8845014807502468, 4: 0.868421052631579, 5: 1.0}

Epoch: 23/60
# Start training #

Iterating over train data...
	train loss: 0.0022
	Sequence Accuracy: 0.8646
	Sequence length Accuracy: 0.9683
	Digits Accuracy: {1: 0.9336038853037056, 2: 0.9252075382617932, 3: 0.9392677044507783, 4: 0.9589783281733746, 5: 1.0}
Iterating over validation data...

Iterating over valid data...
	valid loss: 0.0332
	Sequence Accuracy: 0.7877
	Sequence length Accuracy: 0.9473
	Digits Accuracy: {1: 0.9032934131736527, 2: 0.8760533707865169, 3: 0.876604146100691, 4: 0.8421052631578947, 5: 1.0}

Epoch: 24/60
# Start training #

Iterating over train data...
	train loss: 0.0009
	Sequence Accuracy: 0.8618
	Sequence length Accuracy: 0.9673
	Digits Accuracy: {1: 0.9330051227463243, 2: 0.9256796632175316, 3: 0.9360885770664328, 4: 0.9597523219814241, 5: 1.0}
Iterating over validation data...

Iterating over valid data...
	valid loss: 0.0266
	Sequence Accuracy: 0.8524
	Sequence length Accuracy: 0.9680
	Digits Accuracy: {1: 0.9278443113772455, 2: 0.9185393258426966, 3: 0.9230009871668312, 4: 0.9078947368421053, 5: 0.0}

Epoch: 25/60
# Start training #

Iterating over train data...
	train loss: 0.0011
	Sequence Accuracy: 0.8687
	Sequence length Accuracy: 0.9679
	Digits Accuracy: {1: 0.9359656709467101, 2: 0.9309123814769642, 3: 0.9414602060951546, 4: 0.9605263157894737, 5: 1.0}
Iterating over validation data...

Iterating over valid data...
	valid loss: 0.0010
	Sequence Accuracy: 0.8593
	Sequence length Accuracy: 0.9680
	Digits Accuracy: {1: 0.9299401197604791, 2: 0.9220505617977528, 3: 0.9170779861796644, 4: 0.9342105263157895, 5: 1.0}

Epoch: 26/60
# Start training #

Iterating over train data...
	train loss: 0.0017
	Sequence Accuracy: 0.8791
	Sequence length Accuracy: 0.9709
	Digits Accuracy: {1: 0.939791098396647, 2: 0.9360664122437738, 3: 0.9485858364393773, 4: 0.9721362229102167, 5: 1.0}
Iterating over validation data...

Iterating over valid data...
	valid loss: 0.0449
	Sequence Accuracy: 0.8602
	Sequence length Accuracy: 0.9704
	Digits Accuracy: {1: 0.9302395209580838, 2: 0.925561797752809, 3: 0.9190523198420533, 4: 0.9210526315789473, 5: 1.0}

Epoch: 27/60
# Start training #

Iterating over train data...
	train loss: 0.0004
	Sequence Accuracy: 0.8828
	Sequence length Accuracy: 0.9724
	Digits Accuracy: {1: 0.942618588250948, 2: 0.9368532871700044, 3: 0.9513264634948476, 4: 0.9729102167182663, 5: 1.0}
Iterating over validation data...

Iterating over valid data...
	valid loss: 0.0133
	Sequence Accuracy: 0.8542
	Sequence length Accuracy: 0.9692
	Digits Accuracy: {1: 0.9308383233532934, 2: 0.9195926966292135, 3: 0.9012833168805529, 4: 0.9210526315789473, 5: 1.0}

Epoch: 28/60
# Start training #

Iterating over train data...
	train loss: 0.0007
	Sequence Accuracy: 0.8951
	Sequence length Accuracy: 0.9749
	Digits Accuracy: {1: 0.9480739804404231, 2: 0.9446826926859976, 3: 0.9618504713878535, 4: 0.9891640866873065, 5: 1.0}
Iterating over validation data...

Iterating over valid data...
	valid loss: 0.0082
	Sequence Accuracy: 0.8650
	Sequence length Accuracy: 0.9698
	Digits Accuracy: {1: 0.9311377245508982, 2: 0.9259129213483146, 3: 0.932872655478776, 4: 0.9210526315789473, 5: 0.0}

Epoch: 29/60
# Start training #

Iterating over train data...
	train loss: 0.0031
	Sequence Accuracy: 0.8704
	Sequence length Accuracy: 0.9684
	Digits Accuracy: {1: 0.9372297252345153, 2: 0.9333123500019672, 3: 0.9428853321639992, 4: 0.9404024767801857, 5: 1.0}
Iterating over validation data...

Iterating over valid data...
	valid loss: 0.0108
	Sequence Accuracy: 0.8578
	Sequence length Accuracy: 0.9689
	Digits Accuracy: {1: 0.9293413173652695, 2: 0.9174859550561798, 3: 0.9230009871668312, 4: 0.9144736842105263, 5: 0.0}

Epoch: 30/60
# Start training #

Iterating over train data...
	train loss: 0.0039
	Sequence Accuracy: 0.8987
	Sequence length Accuracy: 0.9745
	Digits Accuracy: {1: 0.9496041514203979, 2: 0.946964629972066, 3: 0.9611927208945407, 4: 0.9907120743034056, 5: 1.0}
Iterating over validation data...

Iterating over valid data...
	valid loss: 0.0107
	Sequence Accuracy: 0.8602
	Sequence length Accuracy: 0.9716
	Digits Accuracy: {1: 0.9350299401197605, 2: 0.9220505617977528, 3: 0.9338598223099703, 4: 0.9144736842105263, 5: 0.0}
Checkpointing new model...

Epoch: 31/60
# Start training #

Iterating over train data...
	train loss: 0.0000
	Sequence Accuracy: 0.8909
	Sequence length Accuracy: 0.9741
	Digits Accuracy: {1: 0.9475750116426053, 2: 0.9416532242200102, 3: 0.9570269677702258, 4: 0.968266253869969, 5: 1.0}
Iterating over validation data...

Iterating over valid data...
	valid loss: 0.0196
	Sequence Accuracy: 0.8467
	Sequence length Accuracy: 0.9686
	Digits Accuracy: {1: 0.9293413173652695, 2: 0.9146769662921348, 3: 0.9160908193484699, 4: 0.8947368421052632, 5: 0.0}

Epoch: 32/60
# Start training #

Iterating over train data...
	train loss: 0.0012
	Sequence Accuracy: 0.9015
	Sequence length Accuracy: 0.9776
	Digits Accuracy: {1: 0.9509347348812455, 2: 0.9490498485265767, 3: 0.9649199736899803, 4: 0.9883900928792569, 5: 1.0}
Iterating over validation data...

Iterating over valid data...
	valid loss: 0.0004
	Sequence Accuracy: 0.8476
	Sequence length Accuracy: 0.9659
	Digits Accuracy: {1: 0.9296407185628742, 2: 0.9143258426966292, 3: 0.9062191510365252, 4: 0.8618421052631579, 5: 0.0}

Epoch: 33/60
# Start training #

Iterating over train data...
	train loss: 0.0006
	Sequence Accuracy: 0.8798
	Sequence length Accuracy: 0.9717
	Digits Accuracy: {1: 0.9434834675004989, 2: 0.9353188810638549, 3: 0.9461740846305635, 4: 0.9535603715170279, 5: 1.0}
Iterating over validation data...

Iterating over valid data...
	valid loss: 0.0171
	Sequence Accuracy: 0.8605
	Sequence length Accuracy: 0.9725
	Digits Accuracy: {1: 0.9317365269461078, 2: 0.9238061797752809, 3: 0.9151036525172754, 4: 0.9078947368421053, 5: 0.0}

Epoch: 34/60
# Start training #

Iterating over train data...
	train loss: 0.0005
	Sequence Accuracy: 0.9071
	Sequence length Accuracy: 0.9770
	Digits Accuracy: {1: 0.9541281351872796, 2: 0.951095723334776, 3: 0.9683183512387634, 4: 0.978328173374613, 5: 1.0}
Iterating over validation data...

Iterating over valid data...
	valid loss: 0.0158
	Sequence Accuracy: 0.8560
	Sequence length Accuracy: 0.9707
	Digits Accuracy: {1: 0.9317365269461078, 2: 0.9178370786516854, 3: 0.9259624876604146, 4: 0.9013157894736842, 5: 0.0}

Epoch: 35/60
# Start training #

Iterating over train data...
	train loss: 0.0005
	Sequence Accuracy: 0.9001
	Sequence length Accuracy: 0.9763
	Digits Accuracy: {1: 0.952265318342093, 2: 0.9477908486446079, 3: 0.9610830958123219, 4: 0.9659442724458205, 5: 1.0}
Iterating over validation data...

Iterating over valid data...
	valid loss: 0.0162
	Sequence Accuracy: 0.8701
	Sequence length Accuracy: 0.9704
	Digits Accuracy: {1: 0.9374251497005988, 2: 0.9269662921348315, 3: 0.9358341559723593, 4: 0.9342105263157895, 5: 0.0}

Epoch: 36/60
# Start training #

Iterating over train data...
	train loss: 0.0014
	Sequence Accuracy: 0.9040
	Sequence length Accuracy: 0.9771
	Digits Accuracy: {1: 0.9547601623311822, 2: 0.9498367234528072, 3: 0.9657969743477307, 4: 0.9698142414860681, 5: 1.0}
Iterating over validation data...

Iterating over valid data...
	valid loss: 0.0213
	Sequence Accuracy: 0.8626
	Sequence length Accuracy: 0.9674
	Digits Accuracy: {1: 0.9335329341317365, 2: 0.9231039325842697, 3: 0.9200394866732478, 4: 0.9210526315789473, 5: 0.0}

Epoch: 37/60
# Start training #

Iterating over train data...
	train loss: 0.0029
	Sequence Accuracy: 0.9130
	Sequence length Accuracy: 0.9792
	Digits Accuracy: {1: 0.9568225666954959, 2: 0.9545186292638785, 3: 0.9678798509098882, 4: 0.9876160990712074, 5: 1.0}
Iterating over validation data...

Iterating over valid data...
	valid loss: 0.2358
	Sequence Accuracy: 0.8647
	Sequence length Accuracy: 0.9704
	Digits Accuracy: {1: 0.9338323353293413, 2: 0.9241573033707865, 3: 0.9299111549851925, 4: 0.9407894736842105, 5: 1.0}

Epoch: 38/60
# Start training #

Iterating over train data...
	train loss: 0.0009
	Sequence Accuracy: 0.9173
	Sequence length Accuracy: 0.9807
	Digits Accuracy: {1: 0.9591510877519792, 2: 0.9563677853405201, 3: 0.9736899802674852, 4: 0.9883900928792569, 5: 1.0}
Iterating over validation data...

Iterating over valid data...
	valid loss: 0.0301
	Sequence Accuracy: 0.8656
	Sequence length Accuracy: 0.9698
	Digits Accuracy: {1: 0.9335329341317365, 2: 0.9213483146067416, 3: 0.928923988153998, 4: 0.9276315789473685, 5: 0.0}

Epoch: 39/60
# Start training #

Iterating over train data...
	train loss: 0.0031
	Sequence Accuracy: 0.9213
	Sequence length Accuracy: 0.9810
	Digits Accuracy: {1: 0.9622114297119286, 2: 0.9588857851044577, 3: 0.975553606665205, 4: 0.989938080495356, 5: 1.0}
Iterating over validation data...

Iterating over valid data...
	valid loss: 0.0766
	Sequence Accuracy: 0.8650
	Sequence length Accuracy: 0.9683
	Digits Accuracy: {1: 0.932934131736527, 2: 0.9262640449438202, 3: 0.930898321816387, 4: 0.9144736842105263, 5: 0.0}

Epoch: 40/60
# Start training #

Iterating over train data...
	train loss: 0.0002
	Sequence Accuracy: 0.9044
	Sequence length Accuracy: 0.9776
	Digits Accuracy: {1: 0.9566895083494112, 2: 0.9506629421253492, 3: 0.9617408463056347, 4: 0.9613003095975232, 5: 1.0}
Iterating over validation data...

Iterating over valid data...
	valid loss: 0.0903
	Sequence Accuracy: 0.8611
	Sequence length Accuracy: 0.9707
	Digits Accuracy: {1: 0.9320359281437126, 2: 0.9213483146067416, 3: 0.9279368213228035, 4: 0.8881578947368421, 5: 1.0}
Checkpointing new model...

Epoch: 41/60
# Start training #

Iterating over train data...
	train loss: 0.0004
	Sequence Accuracy: 0.9078
	Sequence length Accuracy: 0.9788
	Digits Accuracy: {1: 0.9557248353402967, 2: 0.9516071920368258, 3: 0.9666739750054812, 4: 0.9705882352941176, 5: 1.0}
Iterating over validation data...

Iterating over valid data...
	valid loss: 0.0180
	Sequence Accuracy: 0.8560
	Sequence length Accuracy: 0.9677
	Digits Accuracy: {1: 0.9353293413173652, 2: 0.9185393258426966, 3: 0.9220138203356367, 4: 0.8947368421052632, 5: 0.0}

Epoch: 42/60
# Start training #

Iterating over train data...
	train loss: 0.0026
	Sequence Accuracy: 0.9273
	Sequence length Accuracy: 0.9823
	Digits Accuracy: {1: 0.9638081298649458, 2: 0.9621906597946256, 3: 0.9825696119272089, 4: 0.9938080495356038, 5: 1.0}
Iterating over validation data...

Iterating over valid data...
	valid loss: 0.0012
	Sequence Accuracy: 0.8392
	Sequence length Accuracy: 0.9626
	Digits Accuracy: {1: 0.9236526946107785, 2: 0.9055477528089888, 3: 0.9190523198420533, 4: 0.875, 5: 0.0}

Epoch: 43/60
# Start training #

Iterating over train data...
	train loss: 0.0019
	Sequence Accuracy: 0.9129
	Sequence length Accuracy: 0.9802
	Digits Accuracy: {1: 0.9583527376754707, 2: 0.955384191682732, 3: 0.9710589782942337, 4: 0.9775541795665634, 5: 1.0}
Iterating over validation data...

Iterating over valid data...
	valid loss: 0.1278
	Sequence Accuracy: 0.8617
	Sequence length Accuracy: 0.9647
	Digits Accuracy: {1: 0.9368263473053893, 2: 0.920997191011236, 3: 0.914116485686081, 4: 0.9013157894736842, 5: 1.0}

Epoch: 44/60
# Start training #

Iterating over train data...
	train loss: 0.0012
	Sequence Accuracy: 0.9320
	Sequence length Accuracy: 0.9837
	Digits Accuracy: {1: 0.9660035925753443, 2: 0.9653381594995476, 3: 0.9830081122560842, 4: 0.989938080495356, 5: 1.0}
Iterating over validation data...

Iterating over valid data...
	valid loss: 0.0124
	Sequence Accuracy: 0.8701
	Sequence length Accuracy: 0.9743
	Digits Accuracy: {1: 0.9332335329341317, 2: 0.9304775280898876, 3: 0.9348469891411648, 4: 0.9276315789473685, 5: 0.0}

Epoch: 45/60
# Start training #

Iterating over train data...
	train loss: 0.0002
	Sequence Accuracy: 0.9367
	Sequence length Accuracy: 0.9836
	Digits Accuracy: {1: 0.9697292262657176, 2: 0.9673446905614352, 3: 0.9845428634071476, 4: 0.9969040247678018, 5: 1.0}
Iterating over validation data...

Iterating over valid data...
	valid loss: 0.0061
	Sequence Accuracy: 0.8674
	Sequence length Accuracy: 0.9704
	Digits Accuracy: {1: 0.931437125748503, 2: 0.9273174157303371, 3: 0.9348469891411648, 4: 0.9013157894736842, 5: 0.0}

Epoch: 46/60
# Start training #

Iterating over train data...
	train loss: 0.0009
	Sequence Accuracy: 0.9284
	Sequence length Accuracy: 0.9828
	Digits Accuracy: {1: 0.9660701217483867, 2: 0.9646299720659401, 3: 0.9789519842139882, 4: 0.9868421052631579, 5: 1.0}
Iterating over validation data...

Iterating over valid data...
	valid loss: 0.0153
	Sequence Accuracy: 0.8677
	Sequence length Accuracy: 0.9692
	Digits Accuracy: {1: 0.9326347305389222, 2: 0.9273174157303371, 3: 0.9348469891411648, 4: 0.9078947368421053, 5: 1.0}

Epoch: 47/60
# Start training #

Iterating over train data...
	train loss: 0.0004
	Sequence Accuracy: 0.9282
	Sequence length Accuracy: 0.9831
	Digits Accuracy: {1: 0.9653715654314416, 2: 0.9636070346618405, 3: 0.9778557333918001, 4: 0.9829721362229102, 5: 1.0}
Iterating over validation data...

Iterating over valid data...
	valid loss: 0.0057
	Sequence Accuracy: 0.8626
	Sequence length Accuracy: 0.9698
	Digits Accuracy: {1: 0.9368263473053893, 2: 0.9216994382022472, 3: 0.9299111549851925, 4: 0.9013157894736842, 5: 1.0}

Epoch: 48/60
# Start training #

Iterating over train data...
	train loss: 0.0001
	Sequence Accuracy: 0.9435
	Sequence length Accuracy: 0.9871
	Digits Accuracy: {1: 0.9710930743130863, 2: 0.9724593775819333, 3: 0.9893663670247753, 4: 0.9969040247678018, 5: 1.0}
Iterating over validation data...

Iterating over valid data...
	valid loss: 0.0326
	Sequence Accuracy: 0.8647
	Sequence length Accuracy: 0.9701
	Digits Accuracy: {1: 0.9347305389221557, 2: 0.9252106741573034, 3: 0.9299111549851925, 4: 0.9276315789473685, 5: 0.0}

Epoch: 49/60
# Start training #

Iterating over train data...
	train loss: 0.0003
	Sequence Accuracy: 0.9382
	Sequence length Accuracy: 0.9848
	Digits Accuracy: {1: 0.9696959616791964, 2: 0.9695872841011921, 3: 0.9816926112694585, 4: 0.9953560371517027, 5: 1.0}
Iterating over validation data...

Iterating over valid data...
	valid loss: 0.0015
	Sequence Accuracy: 0.8686
	Sequence length Accuracy: 0.9707
	Digits Accuracy: {1: 0.9368263473053893, 2: 0.9287219101123596, 3: 0.930898321816387, 4: 0.9078947368421053, 5: 0.0}

Epoch: 50/60
# Start training #

Iterating over train data...
	train loss: 0.0001
	Sequence Accuracy: 0.9319
	Sequence length Accuracy: 0.9836
	Digits Accuracy: {1: 0.9674672343822767, 2: 0.966125034425778, 3: 0.9786231089673317, 4: 0.9845201238390093, 5: 1.0}
Iterating over validation data...

Iterating over valid data...
	valid loss: 0.0252
	Sequence Accuracy: 0.8506
	Sequence length Accuracy: 0.9698
	Digits Accuracy: {1: 0.9266467065868264, 2: 0.9153792134831461, 3: 0.9230009871668312, 4: 0.9144736842105263, 5: 0.0}
Checkpointing new model...

Epoch: 51/60
# Start training #

Iterating over train data...
	train loss: 0.0002
	Sequence Accuracy: 0.9327
	Sequence length Accuracy: 0.9842
	Digits Accuracy: {1: 0.9684651719779123, 2: 0.9668332218593855, 3: 0.9798289848717386, 4: 0.9821981424148607, 5: 1.0}
Iterating over validation data...

Iterating over valid data...
	valid loss: 0.0002
	Sequence Accuracy: 0.8728
	Sequence length Accuracy: 0.9701
	Digits Accuracy: {1: 0.9362275449101797, 2: 0.9336376404494382, 3: 0.9338598223099703, 4: 0.9473684210526315, 5: 0.0}

Epoch: 52/60
# Start training #

Iterating over train data...
	train loss: 0.0014
	Sequence Accuracy: 0.9341
	Sequence length Accuracy: 0.9847
	Digits Accuracy: {1: 0.9693633158139844, 2: 0.9671479718298777, 3: 0.9792808594606446, 4: 0.9829721362229102, 5: 1.0}
Iterating over validation data...

Iterating over valid data...
	valid loss: 0.0294
	Sequence Accuracy: 0.8566
	Sequence length Accuracy: 0.9686
	Digits Accuracy: {1: 0.9323353293413174, 2: 0.9188904494382022, 3: 0.9180651530108588, 4: 0.9144736842105263, 5: 0.0}

Epoch: 53/60
# Start training #

Iterating over train data...
	train loss: 0.0002
	Sequence Accuracy: 0.9296
	Sequence length Accuracy: 0.9841
	Digits Accuracy: {1: 0.9673341760361919, 2: 0.9647086595585632, 3: 0.9787327340495505, 4: 0.9814241486068112, 5: 1.0}
Iterating over validation data...

Iterating over valid data...
	valid loss: 0.0654
	Sequence Accuracy: 0.8455
	Sequence length Accuracy: 0.9614
	Digits Accuracy: {1: 0.9245508982035928, 2: 0.9160814606741573, 3: 0.9111549851924975, 4: 0.881578947368421, 5: 0.0}

Epoch: 54/60
# Start training #

Iterating over train data...
	train loss: 0.0008
	Sequence Accuracy: 0.9440
	Sequence length Accuracy: 0.9866
	Digits Accuracy: {1: 0.9734881245426119, 2: 0.9725380650745564, 3: 0.9857487393115545, 4: 0.989938080495356, 5: 1.0}
Iterating over validation data...

Iterating over valid data...
	valid loss: 0.0013
	Sequence Accuracy: 0.8725
	Sequence length Accuracy: 0.9689
	Digits Accuracy: {1: 0.9395209580838323, 2: 0.9273174157303371, 3: 0.9427443237907206, 4: 0.9210526315789473, 5: 0.0}

Epoch: 55/60
# Start training #

Iterating over train data...
	train loss: 0.0025
	Sequence Accuracy: 0.9430
	Sequence length Accuracy: 0.9873
	Digits Accuracy: {1: 0.9722905994278491, 2: 0.9718692213872605, 3: 0.9875027406270555, 4: 0.9876160990712074, 5: 1.0}
Iterating over validation data...

Iterating over valid data...
	valid loss: 0.0034
	Sequence Accuracy: 0.8057
	Sequence length Accuracy: 0.9563
	Digits Accuracy: {1: 0.905688622754491, 2: 0.8841292134831461, 3: 0.8884501480750246, 4: 0.8421052631578947, 5: 0.0}

Epoch: 56/60
# Start training #

Iterating over train data...
	train loss: 0.0006
	Sequence Accuracy: 0.9302
	Sequence length Accuracy: 0.9853
	Digits Accuracy: {1: 0.9678664094205309, 2: 0.966125034425778, 3: 0.9752247314185486, 4: 0.9814241486068112, 5: 1.0}
Iterating over validation data...

Iterating over valid data...
	valid loss: 0.0205
	Sequence Accuracy: 0.8743
	Sequence length Accuracy: 0.9719
	Digits Accuracy: {1: 0.9401197604790419, 2: 0.9290730337078652, 3: 0.932872655478776, 4: 0.9276315789473685, 5: 0.0}

Epoch: 57/60
# Start training #

Iterating over train data...
	train loss: 0.0006
	Sequence Accuracy: 0.9537
	Sequence length Accuracy: 0.9891
	Digits Accuracy: {1: 0.9775796686847182, 2: 0.977770783333989, 3: 0.9915588686691515, 4: 0.9922600619195047, 5: 1.0}
Iterating over validation data...

Iterating over valid data...
	valid loss: 0.0170
	Sequence Accuracy: 0.8817
	Sequence length Accuracy: 0.9740
	Digits Accuracy: {1: 0.942814371257485, 2: 0.930126404494382, 3: 0.9368213228035538, 4: 0.9276315789473685, 5: 0.0}

Epoch: 58/60
# Start training #

Iterating over train data...
	train loss: 0.0026
	Sequence Accuracy: 0.9408
	Sequence length Accuracy: 0.9879
	Digits Accuracy: {1: 0.9723238640143703, 2: 0.9708462839831609, 3: 0.9828984871738654, 4: 0.9868421052631579, 5: 1.0}
Iterating over validation data...

Iterating over valid data...
	valid loss: 0.2740
	Sequence Accuracy: 0.8632
	Sequence length Accuracy: 0.9671
	Digits Accuracy: {1: 0.9347305389221557, 2: 0.9266151685393258, 3: 0.9220138203356367, 4: 0.9013157894736842, 5: 0.0}

Epoch: 59/60
# Start training #

Iterating over train data...
	train loss: 0.0015
	Sequence Accuracy: 0.9452
	Sequence length Accuracy: 0.9873
	Digits Accuracy: {1: 0.9739870933404298, 2: 0.9740724711807058, 3: 0.9873931155448367, 4: 0.9837461300309598, 5: 1.0}
Iterating over validation data...

Iterating over valid data...
	valid loss: 0.0046
	Sequence Accuracy: 0.8725
	Sequence length Accuracy: 0.9734
	Digits Accuracy: {1: 0.9380239520958084, 2: 0.9304775280898876, 3: 0.9387956564659428, 4: 0.9407894736842105, 5: 0.0}

Epoch: 60/60
# Start training #

Iterating over train data...
	train loss: 0.0000
	Sequence Accuracy: 0.9589
	Sequence length Accuracy: 0.9908
	Digits Accuracy: {1: 0.9793426917703413, 2: 0.981823189204076, 3: 0.9927647445735585, 4: 0.9953560371517027, 5: 1.0}
Iterating over validation data...

Iterating over valid data...
	valid loss: 0.0652
	Sequence Accuracy: 0.8668
	Sequence length Accuracy: 0.9689
	Digits Accuracy: {1: 0.9356287425149701, 2: 0.9290730337078652, 3: 0.9318854886475815, 4: 0.9078947368421053, 5: 0.0}
Checkpointing new model...


Training complete in 223m 39s
Saving model ...
Best model saved to : /home/user6/Humanware/results/SVHN_2019_03_13_02_01_31/best_model.pth
Set compute mode to DEFAULT for GPU 00000000:09:00.0.
All done.
