Train files already present
timestamp: 2019_03_13_02_04_38
Data dir: /rap/jvb-000-aa/COURS2019/etudiants/data/humanware/SVHN/train
Output dir: /home/user6/Humanware/results/SVHN_2019_03_13_02_04_38
Using config:
{'CONFIG_NAME': 'ResNet34',
 'DATASET_NAME': 'SVHN',
 'HYPERSEARCH': False,
 'INPUT_DIR': '/rap/jvb-000-aa/COURS2019/etudiants/data/humanware/SVHN/train',
 'METADATA_FILENAME': '/rap/jvb-000-aa/COURS2019/etudiants/data/humanware/SVHN/train_metadata.pkl',
 'OUTPUT_DIR': '/home/user6/Humanware/results/SVHN_2019_03_13_02_04_38',
 'SEED': 1234,
 'TIMESTAMP': '2019_03_13_02_04_38',
 'TRAIN': {'BATCH_SIZE': 32,
           'DATASET_SPLIT': 'train',
           'LR': 0.001,
           'MOM': 0.9,
           'NUM_EPOCHS': 60,
           'SAMPLE_SIZE': -1,
           'VALID_SPLIT': 0.9}}
pytorch/random seed: 1234
Device used:  cuda:0

Epoch: 1/60
# Start training #

Iterating over train data...
	train loss: 0.0077
	Sequence Accuracy: 0.1040
	Sequence length Accuracy: 0.6967
	Digits Accuracy: {1: 0.41417736677533096, 2: 0.23940669630562222, 3: 0.17123437842578382, 4: 0.1369969040247678, 5: 0.1111111111111111}
Iterating over validation data...

Iterating over valid data...
	valid loss: 0.1056
	Sequence Accuracy: 0.2662
	Sequence length Accuracy: 0.8246
	Digits Accuracy: {1: 0.6374251497005988, 2: 0.4174859550561798, 3: 0.4185587364264561, 4: 0.1513157894736842, 5: 0.0}

Epoch: 2/60
# Start training #

Iterating over train data...
	train loss: 0.0077
	Sequence Accuracy: 0.5474
	Sequence length Accuracy: 0.8779
	Digits Accuracy: {1: 0.7997804537289601, 2: 0.700436715584058, 3: 0.6068844551633413, 4: 0.4295665634674923, 5: 0.1111111111111111}
Iterating over validation data...

Iterating over valid data...
	valid loss: 0.1114
	Sequence Accuracy: 0.6332
	Sequence length Accuracy: 0.9054
	Digits Accuracy: {1: 0.8356287425149701, 2: 0.7801966292134831, 3: 0.7324777887462981, 4: 0.5986842105263158, 5: 0.0}

Epoch: 3/60
# Start training #

Iterating over train data...
	train loss: 0.0041
	Sequence Accuracy: 0.6978
	Sequence length Accuracy: 0.9236
	Digits Accuracy: {1: 0.8708336105382211, 2: 0.8215367667309281, 3: 0.7593729445297084, 4: 0.7012383900928792, 5: 0.4444444444444444}
Iterating over validation data...

Iterating over valid data...
	valid loss: 0.0210
	Sequence Accuracy: 0.7084
	Sequence length Accuracy: 0.9231
	Digits Accuracy: {1: 0.8706586826347306, 2: 0.8195224719101124, 3: 0.773938795656466, 4: 0.7171052631578947, 5: 0.0}

Epoch: 4/60
# Start training #

Iterating over train data...
	train loss: 0.0015
	Sequence Accuracy: 0.7489
	Sequence length Accuracy: 0.9392
	Digits Accuracy: {1: 0.8896946310957354, 2: 0.8621395129244207, 3: 0.8139662354746766, 4: 0.7879256965944272, 5: 0.4444444444444444}
Iterating over validation data...

Iterating over valid data...
	valid loss: 0.0166
	Sequence Accuracy: 0.7590
	Sequence length Accuracy: 0.9437
	Digits Accuracy: {1: 0.8928143712574851, 2: 0.8690308988764045, 3: 0.8173741362290227, 4: 0.7894736842105263, 5: 0.0}

Epoch: 5/60
# Start training #

Iterating over train data...
	train loss: 0.0023
	Sequence Accuracy: 0.7845
	Sequence length Accuracy: 0.9491
	Digits Accuracy: {1: 0.9037988157807199, 2: 0.8827949797379706, 3: 0.851567638675729, 4: 0.8359133126934984, 5: 0.7777777777777778}
Iterating over validation data...

Iterating over valid data...
	valid loss: 0.0123
	Sequence Accuracy: 0.7692
	Sequence length Accuracy: 0.9443
	Digits Accuracy: {1: 0.8919161676646706, 2: 0.8820224719101124, 3: 0.8381046396841066, 4: 0.756578947368421, 5: 0.0}

Epoch: 6/60
# Start training #

Iterating over train data...
	train loss: 0.0016
	Sequence Accuracy: 0.7993
	Sequence length Accuracy: 0.9511
	Digits Accuracy: {1: 0.9112833477479875, 2: 0.8927096038084746, 3: 0.8730541547906161, 4: 0.8560371517027864, 5: 0.7777777777777778}
Iterating over validation data...

Iterating over valid data...
	valid loss: 0.0155
	Sequence Accuracy: 0.7982
	Sequence length Accuracy: 0.9527
	Digits Accuracy: {1: 0.9092814371257485, 2: 0.8953651685393258, 3: 0.8716683119447186, 4: 0.868421052631579, 5: 0.0}

Epoch: 7/60
# Start training #

Iterating over train data...
	train loss: 0.0004
	Sequence Accuracy: 0.8258
	Sequence length Accuracy: 0.9590
	Digits Accuracy: {1: 0.9214955758099926, 2: 0.9067946649880002, 3: 0.8937732953299715, 4: 0.8831269349845201, 5: 1.0}
Iterating over validation data...

Iterating over valid data...
	valid loss: 0.0038
	Sequence Accuracy: 0.8144
	Sequence length Accuracy: 0.9563
	Digits Accuracy: {1: 0.9125748502994012, 2: 0.9013342696629213, 3: 0.8904244817374136, 4: 0.8881578947368421, 5: 0.0}

Epoch: 8/60
# Start training #

Iterating over train data...
	train loss: 0.0008
	Sequence Accuracy: 0.8315
	Sequence length Accuracy: 0.9590
	Digits Accuracy: {1: 0.9249218282216752, 2: 0.9095487272298068, 3: 0.9019951764963824, 4: 0.903250773993808, 5: 1.0}
Iterating over validation data...

Iterating over valid data...
	valid loss: 0.0069
	Sequence Accuracy: 0.8009
	Sequence length Accuracy: 0.9485
	Digits Accuracy: {1: 0.9119760479041916, 2: 0.8985252808988764, 3: 0.8687068114511353, 4: 0.9013157894736842, 5: 0.0}

Epoch: 9/60
# Start training #

Iterating over train data...
	train loss: 0.0009
	Sequence Accuracy: 0.8501
	Sequence length Accuracy: 0.9641
	Digits Accuracy: {1: 0.9312420996607013, 2: 0.9193453200613763, 3: 0.9219469414602061, 4: 0.9264705882352942, 5: 1.0}
Iterating over validation data...

Iterating over valid data...
	valid loss: 0.0579
	Sequence Accuracy: 0.8356
	Sequence length Accuracy: 0.9599
	Digits Accuracy: {1: 0.9254491017964072, 2: 0.9115168539325843, 3: 0.9002961500493584, 4: 0.9078947368421053, 5: 0.0}

Epoch: 10/60
# Start training #

Iterating over train data...
	train loss: 0.0009
	Sequence Accuracy: 0.8669
	Sequence length Accuracy: 0.9668
	Digits Accuracy: {1: 0.9390260129066595, 2: 0.930518944013849, 3: 0.9333479500109625, 4: 0.9535603715170279, 5: 1.0}
Iterating over validation data...

Iterating over valid data...
	valid loss: 0.0013
	Sequence Accuracy: 0.8443
	Sequence length Accuracy: 0.9635
	Digits Accuracy: {1: 0.9293413173652695, 2: 0.9160814606741573, 3: 0.9279368213228035, 4: 0.9210526315789473, 5: 0.0}
Checkpointing new model...

Epoch: 11/60
# Start training #

Iterating over train data...
	train loss: 0.0022
	Sequence Accuracy: 0.8662
	Sequence length Accuracy: 0.9690
	Digits Accuracy: {1: 0.9387598962144901, 2: 0.9301255065507338, 3: 0.931265073448805, 4: 0.9411764705882353, 5: 0.8888888888888888}
Iterating over validation data...

Iterating over valid data...
	valid loss: 0.0091
	Sequence Accuracy: 0.8299
	Sequence length Accuracy: 0.9611
	Digits Accuracy: {1: 0.9230538922155689, 2: 0.9111657303370787, 3: 0.8963474827245804, 4: 0.8092105263157895, 5: 0.0}

Epoch: 12/60
# Start training #

Iterating over train data...
	train loss: 0.0018
	Sequence Accuracy: 0.8708
	Sequence length Accuracy: 0.9700
	Digits Accuracy: {1: 0.9408223005788038, 2: 0.9325254750757367, 3: 0.9385003288752467, 4: 0.9558823529411765, 5: 1.0}
Iterating over validation data...

Iterating over valid data...
	valid loss: 0.0040
	Sequence Accuracy: 0.8443
	Sequence length Accuracy: 0.9647
	Digits Accuracy: {1: 0.9251497005988024, 2: 0.9195926966292135, 3: 0.9052319842053307, 4: 0.8881578947368421, 5: 0.0}

Epoch: 13/60
# Start training #

Iterating over train data...
	train loss: 0.0009
	Sequence Accuracy: 0.8898
	Sequence length Accuracy: 0.9729
	Digits Accuracy: {1: 0.9512673807464573, 2: 0.9402761930991069, 3: 0.95110721333041, 4: 0.9721362229102167, 5: 1.0}
Iterating over validation data...

Iterating over valid data...
	valid loss: 0.0099
	Sequence Accuracy: 0.8422
	Sequence length Accuracy: 0.9629
	Digits Accuracy: {1: 0.9287425149700599, 2: 0.9160814606741573, 3: 0.9042448173741362, 4: 0.9144736842105263, 5: 0.0}

Epoch: 14/60
# Start training #

Iterating over train data...
	train loss: 0.0006
	Sequence Accuracy: 0.8924
	Sequence length Accuracy: 0.9755
	Digits Accuracy: {1: 0.9513006453329785, 2: 0.9431876303261597, 3: 0.9532997149747863, 4: 0.9597523219814241, 5: 1.0}
Iterating over validation data...

Iterating over valid data...
	valid loss: 0.2141
	Sequence Accuracy: 0.8350
	Sequence length Accuracy: 0.9629
	Digits Accuracy: {1: 0.9266467065868264, 2: 0.9171348314606742, 3: 0.8923988153998026, 4: 0.8618421052631579, 5: 0.0}

Epoch: 15/60
# Start training #

Iterating over train data...
	train loss: 0.0023
	Sequence Accuracy: 0.8886
	Sequence length Accuracy: 0.9746
	Digits Accuracy: {1: 0.9497372097664826, 2: 0.9433056615650942, 3: 0.949353212014909, 4: 0.9574303405572755, 5: 1.0}
Iterating over validation data...

Iterating over valid data...
	valid loss: 0.1409
	Sequence Accuracy: 0.8419
	Sequence length Accuracy: 0.9635
	Digits Accuracy: {1: 0.9281437125748503, 2: 0.9164325842696629, 3: 0.9032576505429417, 4: 0.881578947368421, 5: 0.0}

Epoch: 16/60
# Start training #

Iterating over train data...
	train loss: 0.0025
	Sequence Accuracy: 0.9045
	Sequence length Accuracy: 0.9776
	Digits Accuracy: {1: 0.9567560375224536, 2: 0.9509383483495298, 3: 0.964481473361105, 4: 0.9721362229102167, 5: 1.0}
Iterating over validation data...

Iterating over valid data...
	valid loss: 0.0033
	Sequence Accuracy: 0.8488
	Sequence length Accuracy: 0.9626
	Digits Accuracy: {1: 0.9305389221556887, 2: 0.9231039325842697, 3: 0.912142152023692, 4: 0.9407894736842105, 5: 0.0}

Epoch: 17/60
# Start training #

Iterating over train data...
	train loss: 0.0012
	Sequence Accuracy: 0.9171
	Sequence length Accuracy: 0.9803
	Digits Accuracy: {1: 0.9631095735480008, 2: 0.9579415351929811, 3: 0.9723744792808595, 4: 0.9837461300309598, 5: 1.0}
Iterating over validation data...

Iterating over valid data...
	valid loss: 0.0394
	Sequence Accuracy: 0.8464
	Sequence length Accuracy: 0.9638
	Digits Accuracy: {1: 0.9275449101796407, 2: 0.9238061797752809, 3: 0.8993089832181639, 4: 0.8486842105263158, 5: 0.0}

Epoch: 18/60
# Start training #

Iterating over train data...
	train loss: 0.0004
	Sequence Accuracy: 0.9074
	Sequence length Accuracy: 0.9794
	Digits Accuracy: {1: 0.9600824961745725, 2: 0.9536530668450249, 3: 0.9649199736899803, 4: 0.9674922600619195, 5: 1.0}
Iterating over validation data...

Iterating over valid data...
	valid loss: 0.0477
	Sequence Accuracy: 0.8533
	Sequence length Accuracy: 0.9647
	Digits Accuracy: {1: 0.932934131736527, 2: 0.9276685393258427, 3: 0.9190523198420533, 4: 0.9210526315789473, 5: 0.0}

Epoch: 19/60
# Start training #

Iterating over train data...
	train loss: 0.0025
	Sequence Accuracy: 0.9322
	Sequence length Accuracy: 0.9830
	Digits Accuracy: {1: 0.9699288137848446, 2: 0.966125034425778, 3: 0.9800482350361763, 4: 0.9930340557275542, 5: 1.0}
Iterating over validation data...

Iterating over valid data...
	valid loss: 0.0005
	Sequence Accuracy: 0.8551
	Sequence length Accuracy: 0.9638
	Digits Accuracy: {1: 0.9308383233532934, 2: 0.9269662921348315, 3: 0.9072063178677197, 4: 0.9210526315789473, 5: 0.0}

Epoch: 20/60
# Start training #

Iterating over train data...
	train loss: 0.0004
	Sequence Accuracy: 0.9277
	Sequence length Accuracy: 0.9829
	Digits Accuracy: {1: 0.9677666156609673, 2: 0.9651414407679899, 3: 0.9779653584740189, 4: 0.9798761609907121, 5: 1.0}
Iterating over validation data...

Iterating over valid data...
	valid loss: 0.0732
	Sequence Accuracy: 0.8644
	Sequence length Accuracy: 0.9680
	Digits Accuracy: {1: 0.9389221556886228, 2: 0.9280196629213483, 3: 0.9358341559723593, 4: 0.9013157894736842, 5: 0.0}
Checkpointing new model...

Epoch: 21/60
# Start training #

Iterating over train data...
	train loss: 0.0006
	Sequence Accuracy: 0.9282
	Sequence length Accuracy: 0.9838
	Digits Accuracy: {1: 0.9692967866409421, 2: 0.9651020970216784, 3: 0.9753343565007674, 4: 0.9806501547987616, 5: 0.7777777777777778}
Iterating over validation data...

Iterating over valid data...
	valid loss: 0.0248
	Sequence Accuracy: 0.8656
	Sequence length Accuracy: 0.9695
	Digits Accuracy: {1: 0.9359281437125748, 2: 0.9315308988764045, 3: 0.928923988153998, 4: 0.9078947368421053, 5: 0.0}

Epoch: 22/60
# Start training #

Iterating over train data...
	train loss: 0.0002
	Sequence Accuracy: 0.9477
	Sequence length Accuracy: 0.9871
	Digits Accuracy: {1: 0.9758166455990952, 2: 0.975960971003659, 3: 0.9873931155448367, 4: 0.9945820433436533, 5: 1.0}
Iterating over validation data...

Iterating over valid data...
	valid loss: 0.0095
	Sequence Accuracy: 0.8452
	Sequence length Accuracy: 0.9665
	Digits Accuracy: {1: 0.9269461077844311, 2: 0.9199438202247191, 3: 0.9081934846989141, 4: 0.9013157894736842, 5: 0.0}

Epoch: 23/60
# Start training #

Iterating over train data...
	train loss: 0.0057
	Sequence Accuracy: 0.9326
	Sequence length Accuracy: 0.9847
	Digits Accuracy: {1: 0.9707936930343956, 2: 0.9700200653106189, 3: 0.9725937294452971, 4: 0.9674922600619195, 5: 1.0}
Iterating over validation data...

Iterating over valid data...
	valid loss: 0.0055
	Sequence Accuracy: 0.8350
	Sequence length Accuracy: 0.9665
	Digits Accuracy: {1: 0.9287425149700599, 2: 0.9094101123595506, 3: 0.8884501480750246, 4: 0.8486842105263158, 5: 0.0}

Epoch: 24/60
# Start training #

Iterating over train data...
	train loss: 0.0005
	Sequence Accuracy: 0.9439
	Sequence length Accuracy: 0.9871
	Digits Accuracy: {1: 0.975783381012574, 2: 0.9741118149270174, 3: 0.9833369875027407, 4: 0.9814241486068112, 5: 1.0}
Iterating over validation data...

Iterating over valid data...
	valid loss: 0.0272
	Sequence Accuracy: 0.8602
	Sequence length Accuracy: 0.9656
	Digits Accuracy: {1: 0.9359281437125748, 2: 0.9216994382022472, 3: 0.9348469891411648, 4: 0.9144736842105263, 5: 0.0}

Epoch: 25/60
# Start training #

Iterating over train data...
	train loss: 0.0006
	Sequence Accuracy: 0.9470
	Sequence length Accuracy: 0.9882
	Digits Accuracy: {1: 0.9763821435699555, 2: 0.9761970334815281, 3: 0.9824599868449901, 4: 0.9791021671826625, 5: 1.0}
Iterating over validation data...

Iterating over valid data...
	valid loss: 0.0042
	Sequence Accuracy: 0.8455
	Sequence length Accuracy: 0.9638
	Digits Accuracy: {1: 0.9308383233532934, 2: 0.918188202247191, 3: 0.9111549851924975, 4: 0.9013157894736842, 5: 0.0}

Epoch: 26/60
# Start training #

Iterating over train data...
	train loss: 0.0005
	Sequence Accuracy: 0.9546
	Sequence length Accuracy: 0.9892
	Digits Accuracy: {1: 0.9804736877120618, 2: 0.980839595546288, 3: 0.9871738653803991, 4: 0.9891640866873065, 5: 1.0}
Iterating over validation data...

Iterating over valid data...
	valid loss: 0.0432
	Sequence Accuracy: 0.8599
	Sequence length Accuracy: 0.9725
	Digits Accuracy: {1: 0.9335329341317365, 2: 0.9269662921348315, 3: 0.9220138203356367, 4: 0.9276315789473685, 5: 0.0}

Epoch: 27/60
# Start training #

Iterating over train data...
	train loss: 0.0001
	Sequence Accuracy: 0.9583
	Sequence length Accuracy: 0.9904
	Digits Accuracy: {1: 0.9824695629033331, 2: 0.9811936892630916, 3: 0.9873931155448367, 4: 0.9883900928792569, 5: 1.0}
Iterating over validation data...

Iterating over valid data...
	valid loss: 0.0125
	Sequence Accuracy: 0.8437
	Sequence length Accuracy: 0.9611
	Digits Accuracy: {1: 0.9293413173652695, 2: 0.9199438202247191, 3: 0.914116485686081, 4: 0.9078947368421053, 5: 0.0}

Epoch: 28/60
# Start training #

Iterating over train data...
	train loss: 0.0005
	Sequence Accuracy: 0.9595
	Sequence length Accuracy: 0.9905
	Digits Accuracy: {1: 0.9819040649324728, 2: 0.9837116890270291, 3: 0.9875027406270555, 4: 0.9907120743034056, 5: 1.0}
Iterating over validation data...

Iterating over valid data...
	valid loss: 0.0672
	Sequence Accuracy: 0.8455
	Sequence length Accuracy: 0.9698
	Digits Accuracy: {1: 0.9302395209580838, 2: 0.9171348314606742, 3: 0.9220138203356367, 4: 0.8947368421052632, 5: 0.0}

Epoch: 29/60
# Start training #

Iterating over train data...
	train loss: 0.0004
	Sequence Accuracy: 0.9536
	Sequence length Accuracy: 0.9905
	Digits Accuracy: {1: 0.9811389794424855, 2: 0.9791084707085809, 3: 0.984871738653804, 4: 0.9852941176470589, 5: 1.0}
Iterating over validation data...

Iterating over valid data...
	valid loss: 0.0304
	Sequence Accuracy: 0.8542
	Sequence length Accuracy: 0.9668
	Digits Accuracy: {1: 0.9353293413173652, 2: 0.9213483146067416, 3: 0.9239881539980257, 4: 0.9144736842105263, 5: 0.0}

Epoch: 30/60
# Start training #

Iterating over train data...
	train loss: 0.0001
	Sequence Accuracy: 0.9727
	Sequence length Accuracy: 0.9937
	Digits Accuracy: {1: 0.9883241301310625, 2: 0.9887083448085927, 3: 0.9941898706424029, 4: 0.9992260061919505, 5: 1.0}
Iterating over validation data...

Iterating over valid data...
	valid loss: 0.0338
	Sequence Accuracy: 0.8602
	Sequence length Accuracy: 0.9692
	Digits Accuracy: {1: 0.9377245508982036, 2: 0.9266151685393258, 3: 0.914116485686081, 4: 0.9013157894736842, 5: 0.0}
Checkpointing new model...

Epoch: 31/60
# Start training #

Iterating over train data...
	train loss: 0.0012
	Sequence Accuracy: 0.9618
	Sequence length Accuracy: 0.9908
	Digits Accuracy: {1: 0.9830350608741933, 2: 0.9845772514458827, 3: 0.9893663670247753, 4: 0.9883900928792569, 5: 1.0}
Iterating over validation data...

Iterating over valid data...
	valid loss: 0.0045
	Sequence Accuracy: 0.8614
	Sequence length Accuracy: 0.9647
	Digits Accuracy: {1: 0.9356287425149701, 2: 0.9259129213483146, 3: 0.9239881539980257, 4: 0.8947368421052632, 5: 0.0}

Epoch: 32/60
# Start training #

Iterating over train data...
	train loss: 0.0003
	Sequence Accuracy: 0.9552
	Sequence length Accuracy: 0.9909
	Digits Accuracy: {1: 0.9805734814716253, 2: 0.9827674391155525, 3: 0.9812541109405832, 4: 0.9806501547987616, 5: 1.0}
Iterating over validation data...

Iterating over valid data...
	valid loss: 0.0604
	Sequence Accuracy: 0.8347
	Sequence length Accuracy: 0.9605
	Digits Accuracy: {1: 0.9317365269461078, 2: 0.9058988764044944, 3: 0.9042448173741362, 4: 0.881578947368421, 5: 0.0}

Epoch: 33/60
# Start training #

Iterating over train data...
	train loss: 0.0002
	Sequence Accuracy: 0.9679
	Sequence length Accuracy: 0.9935
	Digits Accuracy: {1: 0.9864280486993546, 2: 0.9865050950151474, 3: 0.9894759921069941, 4: 0.9930340557275542, 5: 1.0}
Iterating over validation data...

Iterating over valid data...
	valid loss: 0.0016
	Sequence Accuracy: 0.8665
	Sequence length Accuracy: 0.9689
	Digits Accuracy: {1: 0.9422155688622754, 2: 0.9252106741573034, 3: 0.9259624876604146, 4: 0.9210526315789473, 5: 0.0}

Epoch: 34/60
# Start training #

Iterating over train data...
	train loss: 0.0001
	Sequence Accuracy: 0.9810
	Sequence length Accuracy: 0.9951
	Digits Accuracy: {1: 0.9921495575809993, 2: 0.9923673132155644, 3: 0.9963823722867792, 4: 1.0, 5: 1.0}
Iterating over validation data...

Iterating over valid data...
	valid loss: 0.0114
	Sequence Accuracy: 0.8584
	Sequence length Accuracy: 0.9653
	Digits Accuracy: {1: 0.9305389221556887, 2: 0.9262640449438202, 3: 0.9220138203356367, 4: 0.9342105263157895, 5: 0.0}

Epoch: 35/60
# Start training #

Iterating over train data...
	train loss: 0.0002
	Sequence Accuracy: 0.9719
	Sequence length Accuracy: 0.9930
	Digits Accuracy: {1: 0.9878251613332446, 2: 0.9887870323012157, 3: 0.9942994957246218, 4: 0.9938080495356038, 5: 1.0}
Iterating over validation data...

Iterating over valid data...
	valid loss: 0.0213
	Sequence Accuracy: 0.8494
	Sequence length Accuracy: 0.9626
	Digits Accuracy: {1: 0.9359281437125748, 2: 0.9139747191011236, 3: 0.9180651530108588, 4: 0.9210526315789473, 5: 0.0}

Epoch: 36/60
# Start training #

Iterating over train data...
	train loss: 0.0002
	Sequence Accuracy: 0.9665
	Sequence length Accuracy: 0.9931
	Digits Accuracy: {1: 0.9861619320071852, 2: 0.9856395325962938, 3: 0.9895856171892129, 4: 0.9860681114551083, 5: 1.0}
Iterating over validation data...

Iterating over valid data...
	valid loss: 0.0072
	Sequence Accuracy: 0.8629
	Sequence length Accuracy: 0.9710
	Digits Accuracy: {1: 0.9353293413173652, 2: 0.9287219101123596, 3: 0.9230009871668312, 4: 0.8552631578947368, 5: 0.0}

Epoch: 37/60
# Start training #

Iterating over train data...
	train loss: 0.0011
	Sequence Accuracy: 0.9666
	Sequence length Accuracy: 0.9935
	Digits Accuracy: {1: 0.9861951965937064, 2: 0.9859936263130975, 3: 0.9888182416136813, 4: 0.9829721362229102, 5: 1.0}
Iterating over validation data...

Iterating over valid data...
	valid loss: 0.0237
	Sequence Accuracy: 0.7946
	Sequence length Accuracy: 0.9587
	Digits Accuracy: {1: 0.9131736526946108, 2: 0.8911516853932584, 3: 0.8548864758144127, 4: 0.7368421052631579, 5: 0.0}

Epoch: 38/60
# Start training #

Iterating over train data...
	train loss: 0.0002
	Sequence Accuracy: 0.9612
	Sequence length Accuracy: 0.9925
	Digits Accuracy: {1: 0.9843656443350409, 2: 0.9836723452807177, 3: 0.9846524884893664, 4: 0.9791021671826625, 5: 1.0}
Iterating over validation data...

Iterating over valid data...
	valid loss: 0.0215
	Sequence Accuracy: 0.8662
	Sequence length Accuracy: 0.9743
	Digits Accuracy: {1: 0.9404191616766467, 2: 0.9269662921348315, 3: 0.9249753208292202, 4: 0.9013157894736842, 5: 0.0}

Epoch: 39/60
# Start training #

Iterating over train data...
	train loss: 0.0004
	Sequence Accuracy: 0.9834
	Sequence length Accuracy: 0.9960
	Digits Accuracy: {1: 0.9930477014170714, 2: 0.994137781799583, 3: 0.9952861214645911, 4: 0.9969040247678018, 5: 1.0}
Iterating over validation data...

Iterating over valid data...
	valid loss: 0.0084
	Sequence Accuracy: 0.8653
	Sequence length Accuracy: 0.9710
	Digits Accuracy: {1: 0.9416167664670658, 2: 0.9252106741573034, 3: 0.9170779861796644, 4: 0.9276315789473685, 5: 0.0}

Epoch: 40/60
# Start training #

Iterating over train data...
	train loss: 0.0001
	Sequence Accuracy: 0.9825
	Sequence length Accuracy: 0.9957
	Digits Accuracy: {1: 0.9919832346483933, 2: 0.9937443443364677, 3: 0.9957246217934663, 4: 0.9984520123839009, 5: 1.0}
Iterating over validation data...

Iterating over valid data...
	valid loss: 0.0007
	Sequence Accuracy: 0.8632
	Sequence length Accuracy: 0.9707
	Digits Accuracy: {1: 0.9353293413173652, 2: 0.9259129213483146, 3: 0.9299111549851925, 4: 0.9473684210526315, 5: 0.0}
Checkpointing new model...

Epoch: 41/60
# Start training #

Iterating over train data...
	train loss: 0.0004
	Sequence Accuracy: 0.9764
	Sequence length Accuracy: 0.9948
	Digits Accuracy: {1: 0.9901536823897279, 2: 0.9912656883188418, 3: 0.9919973689980267, 4: 0.9945820433436533, 5: 1.0}
Iterating over validation data...

Iterating over valid data...
	valid loss: 0.0066
	Sequence Accuracy: 0.8590
	Sequence length Accuracy: 0.9692
	Digits Accuracy: {1: 0.9356287425149701, 2: 0.9294241573033708, 3: 0.9210266535044422, 4: 0.9342105263157895, 5: 0.0}

Epoch: 42/60
# Start training #

Iterating over train data...
	train loss: 0.0000
	Sequence Accuracy: 0.9774
	Sequence length Accuracy: 0.9950
	Digits Accuracy: {1: 0.9914177366775331, 2: 0.9911476570799072, 3: 0.9912299934224951, 4: 0.9945820433436533, 5: 1.0}
Iterating over validation data...

Iterating over valid data...
	valid loss: 0.0186
	Sequence Accuracy: 0.8695
	Sequence length Accuracy: 0.9701
	Digits Accuracy: {1: 0.9392215568862275, 2: 0.9269662921348315, 3: 0.9338598223099703, 4: 0.9276315789473685, 5: 0.0}

Epoch: 43/60
# Start training #

Iterating over train data...
	train loss: 0.0001
	Sequence Accuracy: 0.9835
	Sequence length Accuracy: 0.9964
	Digits Accuracy: {1: 0.9932140243496773, 2: 0.9927607506786796, 3: 0.9969304976978732, 4: 0.9992260061919505, 5: 1.0}
Iterating over validation data...

Iterating over valid data...
	valid loss: 0.0836
	Sequence Accuracy: 0.8620
	Sequence length Accuracy: 0.9647
	Digits Accuracy: {1: 0.938622754491018, 2: 0.920997191011236, 3: 0.928923988153998, 4: 0.9342105263157895, 5: 0.0}

Epoch: 44/60
# Start training #

Iterating over train data...
	train loss: 0.0006
	Sequence Accuracy: 0.9730
	Sequence length Accuracy: 0.9944
	Digits Accuracy: {1: 0.989122480207571, 2: 0.9877640948971161, 3: 0.992435869326902, 4: 0.9914860681114551, 5: 1.0}
Iterating over validation data...

Iterating over valid data...
	valid loss: 0.0004
	Sequence Accuracy: 0.8641
	Sequence length Accuracy: 0.9656
	Digits Accuracy: {1: 0.9401197604790419, 2: 0.9238061797752809, 3: 0.928923988153998, 4: 0.9210526315789473, 5: 0.0}

Epoch: 45/60
# Start training #

Iterating over train data...
	train loss: 0.0010
	Sequence Accuracy: 0.9783
	Sequence length Accuracy: 0.9944
	Digits Accuracy: {1: 0.9919499700618721, 2: 0.9911083133335956, 3: 0.9934224950668713, 4: 0.9945820433436533, 5: 1.0}
Iterating over validation data...

Iterating over valid data...
	valid loss: 0.1010
	Sequence Accuracy: 0.8398
	Sequence length Accuracy: 0.9599
	Digits Accuracy: {1: 0.9293413173652695, 2: 0.913623595505618, 3: 0.9180651530108588, 4: 0.9276315789473685, 5: 0.0}

Epoch: 46/60
# Start training #

Iterating over train data...
	train loss: 0.0002
	Sequence Accuracy: 0.9804
	Sequence length Accuracy: 0.9946
	Digits Accuracy: {1: 0.9916838533697027, 2: 0.9928000944249912, 3: 0.9955053716290287, 4: 0.9945820433436533, 5: 1.0}
Iterating over validation data...

Iterating over valid data...
	valid loss: 0.0107
	Sequence Accuracy: 0.8572
	Sequence length Accuracy: 0.9701
	Digits Accuracy: {1: 0.9326347305389222, 2: 0.920997191011236, 3: 0.9299111549851925, 4: 0.9078947368421053, 5: 0.0}

Epoch: 47/60
# Start training #

Iterating over train data...
	train loss: 0.0001
	Sequence Accuracy: 0.9762
	Sequence length Accuracy: 0.9947
	Digits Accuracy: {1: 0.9900538886301643, 2: 0.9905181571389228, 3: 0.9934224950668713, 4: 0.9907120743034056, 5: 1.0}
Iterating over validation data...

Iterating over valid data...
	valid loss: 0.0415
	Sequence Accuracy: 0.8635
	Sequence length Accuracy: 0.9680
	Digits Accuracy: {1: 0.938622754491018, 2: 0.9248595505617978, 3: 0.9338598223099703, 4: 0.9144736842105263, 5: 0.0}

Epoch: 48/60
# Start training #

Iterating over train data...
	train loss: 0.0001
	Sequence Accuracy: 0.9792
	Sequence length Accuracy: 0.9947
	Digits Accuracy: {1: 0.9920164992349145, 2: 0.9920919069913837, 3: 0.9932032449024337, 4: 0.9914860681114551, 5: 1.0}
Iterating over validation data...

Iterating over valid data...
	valid loss: 0.0189
	Sequence Accuracy: 0.8554
	Sequence length Accuracy: 0.9701
	Digits Accuracy: {1: 0.932934131736527, 2: 0.9234550561797753, 3: 0.9259624876604146, 4: 0.9210526315789473, 5: 0.0}

Epoch: 49/60
# Start training #

Iterating over train data...
	train loss: 0.0000
	Sequence Accuracy: 0.9839
	Sequence length Accuracy: 0.9964
	Digits Accuracy: {1: 0.9943450202913978, 2: 0.9926033756934335, 3: 0.9940802455601842, 4: 0.9976780185758514, 5: 1.0}
Iterating over validation data...

Iterating over valid data...
	valid loss: 0.0146
	Sequence Accuracy: 0.8674
	Sequence length Accuracy: 0.9680
	Digits Accuracy: {1: 0.9377245508982036, 2: 0.9308286516853933, 3: 0.928923988153998, 4: 0.9276315789473685, 5: 0.0}

Epoch: 50/60
# Start training #

Iterating over train data...
	train loss: 0.0000
	Sequence Accuracy: 0.9873
	Sequence length Accuracy: 0.9970
	Digits Accuracy: {1: 0.9944780786374825, 2: 0.9952394066963056, 3: 0.9971497478623109, 4: 0.9984520123839009, 5: 1.0}
Iterating over validation data...

Iterating over valid data...
	valid loss: 0.0776
	Sequence Accuracy: 0.8698
	Sequence length Accuracy: 0.9728
	Digits Accuracy: {1: 0.938622754491018, 2: 0.9308286516853933, 3: 0.9239881539980257, 4: 0.9473684210526315, 5: 0.0}
Checkpointing new model...

Epoch: 51/60
# Start training #

Iterating over train data...
	train loss: 0.0000
	Sequence Accuracy: 0.9786
	Sequence length Accuracy: 0.9948
	Digits Accuracy: {1: 0.9923158805136052, 2: 0.9913050320651532, 3: 0.9916684937513703, 4: 0.9969040247678018, 5: 1.0}
Iterating over validation data...

Iterating over valid data...
	valid loss: 0.0378
	Sequence Accuracy: 0.8617
	Sequence length Accuracy: 0.9668
	Digits Accuracy: {1: 0.9353293413173652, 2: 0.9276685393258427, 3: 0.9210266535044422, 4: 0.9407894736842105, 5: 0.0}

Epoch: 52/60
# Start training #

Iterating over train data...
	train loss: 0.0002
	Sequence Accuracy: 0.9774
	Sequence length Accuracy: 0.9953
	Digits Accuracy: {1: 0.9922160867540416, 2: 0.9904001258999882, 3: 0.9891471168603376, 4: 0.9852941176470589, 5: 1.0}
Iterating over validation data...

Iterating over valid data...
	valid loss: 0.0113
	Sequence Accuracy: 0.8638
	Sequence length Accuracy: 0.9635
	Digits Accuracy: {1: 0.9410179640718563, 2: 0.9245084269662921, 3: 0.914116485686081, 4: 0.8947368421052632, 5: 0.0}

Epoch: 53/60
# Start training #

Iterating over train data...
	train loss: 0.0000
	Sequence Accuracy: 0.9847
	Sequence length Accuracy: 0.9967
	Digits Accuracy: {1: 0.9936131993879316, 2: 0.9940197505606484, 3: 0.9967112475334357, 4: 0.9914860681114551, 5: 1.0}
Iterating over validation data...

Iterating over valid data...
	valid loss: 0.0093
	Sequence Accuracy: 0.8569
	Sequence length Accuracy: 0.9692
	Digits Accuracy: {1: 0.9341317365269461, 2: 0.9245084269662921, 3: 0.914116485686081, 4: 0.9210526315789473, 5: 0.0}

Epoch: 54/60
# Start training #

Iterating over train data...
	train loss: 0.0000
	Sequence Accuracy: 0.9860
	Sequence length Accuracy: 0.9971
	Digits Accuracy: {1: 0.9942784911183554, 2: 0.9942558130385175, 3: 0.9958342468756851, 4: 0.9961300309597523, 5: 1.0}
Iterating over validation data...

Iterating over valid data...
	valid loss: 0.0825
	Sequence Accuracy: 0.8662
	Sequence length Accuracy: 0.9653
	Digits Accuracy: {1: 0.9392215568862275, 2: 0.9322331460674157, 3: 0.9230009871668312, 4: 0.9342105263157895, 5: 0.0}

Epoch: 55/60
# Start training #

Iterating over train data...
	train loss: 0.0004
	Sequence Accuracy: 0.9831
	Sequence length Accuracy: 0.9959
	Digits Accuracy: {1: 0.9934801410418469, 2: 0.9935869693512216, 3: 0.9941898706424029, 4: 0.9907120743034056, 5: 1.0}
Iterating over validation data...

Iterating over valid data...
	valid loss: 0.0050
	Sequence Accuracy: 0.8659
	Sequence length Accuracy: 0.9659
	Digits Accuracy: {1: 0.9401197604790419, 2: 0.9287219101123596, 3: 0.9111549851924975, 4: 0.9276315789473685, 5: 0.0}

Epoch: 56/60
# Start training #

Iterating over train data...
	train loss: 0.0002
	Sequence Accuracy: 0.9847
	Sequence length Accuracy: 0.9963
	Digits Accuracy: {1: 0.993513405628368, 2: 0.9940984380532715, 3: 0.9960534970401228, 4: 0.9938080495356038, 5: 1.0}
Iterating over validation data...

Iterating over valid data...
	valid loss: 0.0400
	Sequence Accuracy: 0.8680
	Sequence length Accuracy: 0.9677
	Digits Accuracy: {1: 0.9356287425149701, 2: 0.9318820224719101, 3: 0.9348469891411648, 4: 0.9473684210526315, 5: 0.0}

Epoch: 57/60
# Start training #

Iterating over train data...
	train loss: 0.0000
	Sequence Accuracy: 0.9808
	Sequence length Accuracy: 0.9954
	Digits Accuracy: {1: 0.9926152617922959, 2: 0.9921705944840068, 3: 0.9940802455601842, 4: 0.9907120743034056, 5: 1.0}
Iterating over validation data...

Iterating over valid data...
	valid loss: 0.0050
	Sequence Accuracy: 0.8461
	Sequence length Accuracy: 0.9656
	Digits Accuracy: {1: 0.925748502994012, 2: 0.9174859550561798, 3: 0.9081934846989141, 4: 0.9342105263157895, 5: 0.0}

Epoch: 58/60
# Start training #

Iterating over train data...
	train loss: 0.0006
	Sequence Accuracy: 0.9879
	Sequence length Accuracy: 0.9975
	Digits Accuracy: {1: 0.9955425454061606, 2: 0.9948853129795019, 3: 0.9960534970401228, 4: 0.9984520123839009, 5: 1.0}
Iterating over validation data...

Iterating over valid data...
	valid loss: 0.0000
	Sequence Accuracy: 0.8638
	Sequence length Accuracy: 0.9713
	Digits Accuracy: {1: 0.9422155688622754, 2: 0.9248595505617978, 3: 0.912142152023692, 4: 0.9276315789473685, 5: 0.0}

Epoch: 59/60
# Start training #

Iterating over train data...
	train loss: 0.0002
	Sequence Accuracy: 0.9830
	Sequence length Accuracy: 0.9962
	Digits Accuracy: {1: 0.9926152617922959, 2: 0.9939804068143369, 3: 0.9934224950668713, 4: 0.9914860681114551, 5: 1.0}
Iterating over validation data...

Iterating over valid data...
	valid loss: 0.0633
	Sequence Accuracy: 0.8659
	Sequence length Accuracy: 0.9698
	Digits Accuracy: {1: 0.9356287425149701, 2: 0.9262640449438202, 3: 0.9249753208292202, 4: 0.9276315789473685, 5: 0.0}

Epoch: 60/60
# Start training #

Iterating over train data...
	train loss: 0.0001
	Sequence Accuracy: 0.9886
	Sequence length Accuracy: 0.9977
	Digits Accuracy: {1: 0.9956756037522454, 2: 0.995042687964748, 3: 0.9966016224512169, 4: 0.9938080495356038, 5: 1.0}
Iterating over validation data...

Iterating over valid data...
	valid loss: 0.0003
	Sequence Accuracy: 0.8656
	Sequence length Accuracy: 0.9698
	Digits Accuracy: {1: 0.9380239520958084, 2: 0.9269662921348315, 3: 0.9220138203356367, 4: 0.9539473684210527, 5: 0.0}
Checkpointing new model...


Training complete in 351m 13s
Saving model ...
Best model saved to : /home/user6/Humanware/results/SVHN_2019_03_13_02_04_38/best_model.pth
Set compute mode to DEFAULT for GPU 00000000:87:00.0.
All done.
