Train files already present
timestamp: 2019_03_13_22_13_10
Data dir: /rap/jvb-000-aa/COURS2019/etudiants/data/humanware/SVHN/train
Output dir: /home/user6/Humanware/results/ResNet50_2019_03_13_22_13_10
Using config:
{'CONFIG_NAME': 'ResNet50',
 'DATASET_NAME': 'SVHN',
 'HYPERSEARCH': False,
 'INPUT_DIR': '/rap/jvb-000-aa/COURS2019/etudiants/data/humanware/SVHN/train',
 'METADATA_FILENAME': '/rap/jvb-000-aa/COURS2019/etudiants/data/humanware/SVHN/train_metadata.pkl',
 'OUTPUT_DIR': '/home/user6/Humanware/results/ResNet50_2019_03_13_22_13_10',
 'SEED': 1234,
 'TIMESTAMP': '2019_03_13_22_13_10',
 'TRAIN': {'BATCH_SIZE': 32,
           'DATASET_SPLIT': 'train',
           'LR': 0.001,
           'MOM': 0.9,
           'NUM_EPOCHS': 60,
           'SAMPLE_SIZE': -1,
           'VALID_SPLIT': 0.9}}
pytorch/random seed: 1234
Device used:  cuda:0

Epoch: 1/60
# Start training #

Iterating over train data...
	train loss: 0.0188
	Sequence Accuracy: 0.0384
	Sequence length Accuracy: 0.6571
	Digits Accuracy: {1: 0.3247288936198523, 2: 0.1569815477829799, 3: 0.12453409340057005, 4: 0.13312693498452013, 5: 0.0}
Iterating over validation data...

Iterating over valid data...
	valid loss: 0.1832
	Sequence Accuracy: 0.0940
	Sequence length Accuracy: 0.7548
	Digits Accuracy: {1: 0.4422155688622755, 2: 0.24157303370786518, 3: 0.1441263573543929, 4: 0.17105263157894737, 5: 0.0}

Epoch: 2/60
# Start training #

Iterating over train data...
	train loss: 0.0152
	Sequence Accuracy: 0.2289
	Sequence length Accuracy: 0.7710
	Digits Accuracy: {1: 0.5855897811190207, 2: 0.41299130503206516, 3: 0.28612146459109844, 4: 0.18188854489164086, 5: 0.2222222222222222}
Iterating over validation data...

Iterating over valid data...
	valid loss: 0.0795
	Sequence Accuracy: 0.3159
	Sequence length Accuracy: 0.8096
	Digits Accuracy: {1: 0.6607784431137724, 2: 0.48946629213483145, 3: 0.386969397828233, 4: 0.25, 5: 0.0}

Epoch: 3/60
# Start training #

Iterating over train data...
	train loss: 0.0095
	Sequence Accuracy: 0.4870
	Sequence length Accuracy: 0.8552
	Digits Accuracy: {1: 0.7588317477213758, 2: 0.6638076877680292, 3: 0.5621574216180663, 4: 0.3761609907120743, 5: 0.0}
Iterating over validation data...

Iterating over valid data...
	valid loss: 0.0646
	Sequence Accuracy: 0.5536
	Sequence length Accuracy: 0.8704
	Digits Accuracy: {1: 0.7979041916167665, 2: 0.7018960674157303, 3: 0.650542941757157, 4: 0.506578947368421, 5: 0.0}

Epoch: 4/60
# Start training #

Iterating over train data...
	train loss: 0.0063
	Sequence Accuracy: 0.6071
	Sequence length Accuracy: 0.8923
	Digits Accuracy: {1: 0.8172776262391058, 2: 0.7640162096234804, 3: 0.6775926331944749, 4: 0.5595975232198143, 5: 0.2222222222222222}
Iterating over validation data...

Iterating over valid data...
	valid loss: 0.0805
	Sequence Accuracy: 0.5856
	Sequence length Accuracy: 0.8958
	Digits Accuracy: {1: 0.8098802395209581, 2: 0.7471910112359551, 3: 0.6722606120434353, 4: 0.6513157894736842, 5: 0.0}

Epoch: 5/60
# Start training #

Iterating over train data...
	train loss: 0.0074
	Sequence Accuracy: 0.6576
	Sequence length Accuracy: 0.9081
	Digits Accuracy: {1: 0.8441886767347482, 2: 0.8033992996813156, 3: 0.7218811664108749, 4: 0.663312693498452, 5: 0.4444444444444444}
Iterating over validation data...

Iterating over valid data...
	valid loss: 0.0161
	Sequence Accuracy: 0.6578
	Sequence length Accuracy: 0.9135
	Digits Accuracy: {1: 0.837125748502994, 2: 0.8033707865168539, 3: 0.7265547877591313, 4: 0.6644736842105263, 5: 0.0}

Epoch: 6/60
# Start training #

Iterating over train data...
	train loss: 0.0052
	Sequence Accuracy: 0.6964
	Sequence length Accuracy: 0.9186
	Digits Accuracy: {1: 0.8609207637549066, 2: 0.8314907345477436, 3: 0.7652926989695242, 4: 0.7027863777089783, 5: 0.6666666666666666}
Iterating over validation data...

Iterating over valid data...
	valid loss: 0.0345
	Sequence Accuracy: 0.6671
	Sequence length Accuracy: 0.9045
	Digits Accuracy: {1: 0.8595808383233533, 2: 0.8044241573033708, 3: 0.721618953603159, 4: 0.6973684210526315, 5: 0.0}

Epoch: 7/60
# Start training #

Iterating over train data...
	train loss: 0.0019
	Sequence Accuracy: 0.7162
	Sequence length Accuracy: 0.9242
	Digits Accuracy: {1: 0.8693699687312887, 2: 0.8418381398276744, 3: 0.7978513483885112, 4: 0.7608359133126935, 5: 1.0}
Iterating over validation data...

Iterating over valid data...
	valid loss: 0.0152
	Sequence Accuracy: 0.6647
	Sequence length Accuracy: 0.9105
	Digits Accuracy: {1: 0.8446107784431137, 2: 0.8037219101123596, 3: 0.7660414610069102, 4: 0.6710526315789473, 5: 0.0}

Epoch: 8/60
# Start training #

Iterating over train data...
	train loss: 0.0010
	Sequence Accuracy: 0.7371
	Sequence length Accuracy: 0.9309
	Digits Accuracy: {1: 0.8779189674672344, 2: 0.8545068261399851, 3: 0.8191186143389607, 4: 0.7856037151702786, 5: 0.8888888888888888}
Iterating over validation data...

Iterating over valid data...
	valid loss: 0.0396
	Sequence Accuracy: 0.7449
	Sequence length Accuracy: 0.9320
	Digits Accuracy: {1: 0.8802395209580839, 2: 0.8616573033707865, 3: 0.8292201382033564, 4: 0.7302631578947368, 5: 0.0}

Epoch: 9/60
# Start training #

Iterating over train data...
	train loss: 0.0023
	Sequence Accuracy: 0.7537
	Sequence length Accuracy: 0.9360
	Digits Accuracy: {1: 0.8855032931940656, 2: 0.865168981390408, 3: 0.8413725060293795, 4: 0.8157894736842105, 5: 0.8888888888888888}
Iterating over validation data...

Iterating over valid data...
	valid loss: 0.0466
	Sequence Accuracy: 0.7590
	Sequence length Accuracy: 0.9401
	Digits Accuracy: {1: 0.8922155688622755, 2: 0.8535814606741573, 3: 0.8568608094768015, 4: 0.8026315789473685, 5: 0.0}

Epoch: 10/60
# Start training #

Iterating over train data...
	train loss: 0.0064
	Sequence Accuracy: 0.7638
	Sequence length Accuracy: 0.9401
	Digits Accuracy: {1: 0.891191537489189, 2: 0.8731951056379589, 3: 0.8476211357158517, 4: 0.81656346749226, 5: 1.0}
Iterating over validation data...

Iterating over valid data...
	valid loss: 0.0343
	Sequence Accuracy: 0.7464
	Sequence length Accuracy: 0.9347
	Digits Accuracy: {1: 0.8907185628742516, 2: 0.8525280898876404, 3: 0.8292201382033564, 4: 0.7697368421052632, 5: 0.0}
Checkpointing new model...

Epoch: 11/60
# Start training #

Iterating over train data...
	train loss: 0.0039
	Sequence Accuracy: 0.7778
	Sequence length Accuracy: 0.9425
	Digits Accuracy: {1: 0.8961812254673674, 2: 0.880788448676083, 3: 0.860885770664328, 4: 0.8405572755417957, 5: 0.8888888888888888}
Iterating over validation data...

Iterating over valid data...
	valid loss: 0.0246
	Sequence Accuracy: 0.7853
	Sequence length Accuracy: 0.9509
	Digits Accuracy: {1: 0.8970059880239521, 2: 0.8799157303370787, 3: 0.8677196446199408, 4: 0.881578947368421, 5: 0.0}

Epoch: 12/60
# Start training #

Iterating over train data...
	train loss: 0.0036
	Sequence Accuracy: 0.7897
	Sequence length Accuracy: 0.9455
	Digits Accuracy: {1: 0.9023351739737875, 2: 0.8847621670535468, 3: 0.8711905283928963, 4: 0.868421052631579, 5: 1.0}
Iterating over validation data...

Iterating over valid data...
	valid loss: 0.0349
	Sequence Accuracy: 0.7880
	Sequence length Accuracy: 0.9518
	Digits Accuracy: {1: 0.8988023952095808, 2: 0.879564606741573, 3: 0.859822309970385, 4: 0.7763157894736842, 5: 0.0}

Epoch: 13/60
# Start training #

Iterating over train data...
	train loss: 0.0043
	Sequence Accuracy: 0.7948
	Sequence length Accuracy: 0.9487
	Digits Accuracy: {1: 0.9038986095402834, 2: 0.8886571979383877, 3: 0.8784257838193379, 4: 0.8823529411764706, 5: 1.0}
Iterating over validation data...

Iterating over valid data...
	valid loss: 0.0338
	Sequence Accuracy: 0.7763
	Sequence length Accuracy: 0.9416
	Digits Accuracy: {1: 0.8922155688622755, 2: 0.8806179775280899, 3: 0.859822309970385, 4: 0.8421052631578947, 5: 0.0}

Epoch: 14/60
# Start training #

Iterating over train data...
	train loss: 0.0021
	Sequence Accuracy: 0.8092
	Sequence length Accuracy: 0.9511
	Digits Accuracy: {1: 0.9110504956423392, 2: 0.8966833221859385, 3: 0.8890594167945626, 4: 0.9047987616099071, 5: 1.0}
Iterating over validation data...

Iterating over valid data...
	valid loss: 0.0411
	Sequence Accuracy: 0.8102
	Sequence length Accuracy: 0.9545
	Digits Accuracy: {1: 0.9140718562874252, 2: 0.8929073033707865, 3: 0.8894373149062191, 4: 0.881578947368421, 5: 0.0}

Epoch: 15/60
# Start training #

Iterating over train data...
	train loss: 0.0032
	Sequence Accuracy: 0.8113
	Sequence length Accuracy: 0.9513
	Digits Accuracy: {1: 0.912081697824496, 2: 0.901522602982256, 3: 0.8876342907257181, 4: 0.8978328173374613, 5: 1.0}
Iterating over validation data...

Iterating over valid data...
	valid loss: 0.0327
	Sequence Accuracy: 0.8135
	Sequence length Accuracy: 0.9551
	Digits Accuracy: {1: 0.9122754491017964, 2: 0.8960674157303371, 3: 0.8894373149062191, 4: 0.8355263157894737, 5: 0.0}

Epoch: 16/60
# Start training #

Iterating over train data...
	train loss: 0.0019
	Sequence Accuracy: 0.8198
	Sequence length Accuracy: 0.9533
	Digits Accuracy: {1: 0.9162397711396447, 2: 0.9027029153716016, 3: 0.8982679237009428, 4: 0.9148606811145511, 5: 1.0}
Iterating over validation data...

Iterating over valid data...
	valid loss: 0.0250
	Sequence Accuracy: 0.7877
	Sequence length Accuracy: 0.9446
	Digits Accuracy: {1: 0.9086826347305389, 2: 0.8767556179775281, 3: 0.8775913129318855, 4: 0.8486842105263158, 5: 0.0}

Epoch: 17/60
# Start training #

Iterating over train data...
	train loss: 0.0022
	Sequence Accuracy: 0.8301
	Sequence length Accuracy: 0.9557
	Digits Accuracy: {1: 0.9211296653582596, 2: 0.9076208836605422, 3: 0.9082438061828546, 4: 0.9171826625386997, 5: 0.8888888888888888}
Iterating over validation data...

Iterating over valid data...
	valid loss: 0.0038
	Sequence Accuracy: 0.8045
	Sequence length Accuracy: 0.9518
	Digits Accuracy: {1: 0.9101796407185628, 2: 0.8953651685393258, 3: 0.8854886475814413, 4: 0.8289473684210527, 5: 0.0}

Epoch: 18/60
# Start training #

Iterating over train data...
	train loss: 0.0025
	Sequence Accuracy: 0.8336
	Sequence length Accuracy: 0.9583
	Digits Accuracy: {1: 0.9225267779921495, 2: 0.9136404768462053, 3: 0.9073668055251042, 4: 0.9195046439628483, 5: 1.0}
Iterating over validation data...

Iterating over valid data...
	valid loss: 0.0241
	Sequence Accuracy: 0.7976
	Sequence length Accuracy: 0.9509
	Digits Accuracy: {1: 0.9062874251497006, 2: 0.8950140449438202, 3: 0.8904244817374136, 4: 0.8157894736842105, 5: 0.0}

Epoch: 19/60
# Start training #

Iterating over train data...
	train loss: 0.0013
	Sequence Accuracy: 0.8397
	Sequence length Accuracy: 0.9584
	Digits Accuracy: {1: 0.9242232719047302, 2: 0.9147421017429279, 3: 0.9176715632536725, 4: 0.9481424148606811, 5: 1.0}
Iterating over validation data...

Iterating over valid data...
	valid loss: 0.0139
	Sequence Accuracy: 0.7826
	Sequence length Accuracy: 0.9455
	Digits Accuracy: {1: 0.901497005988024, 2: 0.8742977528089888, 3: 0.876604146100691, 4: 0.7894736842105263, 5: 0.0}

Epoch: 20/60
# Start training #

Iterating over train data...
	train loss: 0.0012
	Sequence Accuracy: 0.8345
	Sequence length Accuracy: 0.9583
	Digits Accuracy: {1: 0.9244893885968998, 2: 0.9124208207105481, 3: 0.9130673098004823, 4: 0.9187306501547987, 5: 1.0}
Iterating over validation data...

Iterating over valid data...
	valid loss: 0.0164
	Sequence Accuracy: 0.8117
	Sequence length Accuracy: 0.9536
	Digits Accuracy: {1: 0.9131736526946108, 2: 0.9027387640449438, 3: 0.8825271470878578, 4: 0.7960526315789473, 5: 0.0}
Checkpointing new model...

Epoch: 21/60
# Start training #

Iterating over train data...
	train loss: 0.0018
	Sequence Accuracy: 0.8541
	Sequence length Accuracy: 0.9629
	Digits Accuracy: {1: 0.9310092475550529, 2: 0.9236731321556438, 3: 0.9278666959000219, 4: 0.9574303405572755, 5: 1.0}
Iterating over validation data...

Iterating over valid data...
	valid loss: 0.0217
	Sequence Accuracy: 0.7174
	Sequence length Accuracy: 0.9302
	Digits Accuracy: {1: 0.8547904191616766, 2: 0.8577949438202247, 3: 0.8173741362290227, 4: 0.7828947368421053, 5: 0.0}

Epoch: 22/60
# Start training #

Iterating over train data...
	train loss: 0.0010
	Sequence Accuracy: 0.8561
	Sequence length Accuracy: 0.9640
	Digits Accuracy: {1: 0.9321069789102522, 2: 0.924656725813432, 3: 0.930716948037711, 4: 0.9620743034055728, 5: 1.0}
Iterating over validation data...

Iterating over valid data...
	valid loss: 0.0334
	Sequence Accuracy: 0.8359
	Sequence length Accuracy: 0.9599
	Digits Accuracy: {1: 0.9221556886227545, 2: 0.913623595505618, 3: 0.9032576505429417, 4: 0.881578947368421, 5: 0.0}

Epoch: 23/60
# Start training #

Iterating over train data...
	train loss: 0.0003
	Sequence Accuracy: 0.8542
	Sequence length Accuracy: 0.9644
	Digits Accuracy: {1: 0.9318075976315614, 2: 0.9233190384388401, 3: 0.9288533216399912, 4: 0.9365325077399381, 5: 1.0}
Iterating over validation data...

Iterating over valid data...
	valid loss: 0.0037
	Sequence Accuracy: 0.8099
	Sequence length Accuracy: 0.9563
	Digits Accuracy: {1: 0.9077844311377246, 2: 0.8999297752808989, 3: 0.8845014807502468, 4: 0.875, 5: 0.0}

Epoch: 24/60
# Start training #

Iterating over train data...
	train loss: 0.0009
	Sequence Accuracy: 0.8634
	Sequence length Accuracy: 0.9659
	Digits Accuracy: {1: 0.9370634023019094, 2: 0.9263485069048275, 3: 0.9389388292041219, 4: 0.9605263157894737, 5: 0.8888888888888888}
Iterating over validation data...

Iterating over valid data...
	valid loss: 0.0288
	Sequence Accuracy: 0.7743
	Sequence length Accuracy: 0.9428
	Digits Accuracy: {1: 0.8988023952095808, 2: 0.8700842696629213, 3: 0.8509378084896347, 4: 0.8223684210526315, 5: 0.0}

Epoch: 25/60
# Start training #

Iterating over train data...
	train loss: 0.0018
	Sequence Accuracy: 0.8546
	Sequence length Accuracy: 0.9638
	Digits Accuracy: {1: 0.9309759829685317, 2: 0.9243813195892513, 3: 0.9320324490243368, 4: 0.9434984520123839, 5: 1.0}
Iterating over validation data...

Iterating over valid data...
	valid loss: 0.0363
	Sequence Accuracy: 0.8153
	Sequence length Accuracy: 0.9515
	Digits Accuracy: {1: 0.9146706586826348, 2: 0.8999297752808989, 3: 0.8983218163869694, 4: 0.9078947368421053, 5: 0.0}

Epoch: 26/60
# Start training #

Iterating over train data...
	train loss: 0.0014
	Sequence Accuracy: 0.8702
	Sequence length Accuracy: 0.9662
	Digits Accuracy: {1: 0.9414210631361852, 2: 0.9309910689695873, 3: 0.9432142074106555, 4: 0.9729102167182663, 5: 1.0}
Iterating over validation data...

Iterating over valid data...
	valid loss: 0.0100
	Sequence Accuracy: 0.8365
	Sequence length Accuracy: 0.9614
	Digits Accuracy: {1: 0.9239520958083832, 2: 0.9076544943820225, 3: 0.9151036525172754, 4: 0.9013157894736842, 5: 0.0}

Epoch: 27/60
# Start training #

Iterating over train data...
	train loss: 0.0010
	Sequence Accuracy: 0.8649
	Sequence length Accuracy: 0.9674
	Digits Accuracy: {1: 0.9372297252345153, 2: 0.9278829130109769, 3: 0.9416794562595922, 4: 0.9605263157894737, 5: 1.0}
Iterating over validation data...

Iterating over valid data...
	valid loss: 0.0027
	Sequence Accuracy: 0.8431
	Sequence length Accuracy: 0.9599
	Digits Accuracy: {1: 0.9230538922155689, 2: 0.9125702247191011, 3: 0.9091806515301086, 4: 0.9473684210526315, 5: 0.0}

Epoch: 28/60
# Start training #

Iterating over train data...
	train loss: 0.0011
	Sequence Accuracy: 0.8765
	Sequence length Accuracy: 0.9683
	Digits Accuracy: {1: 0.9424522653183421, 2: 0.9355155997954125, 3: 0.9474895856171892, 4: 0.9659442724458205, 5: 1.0}
Iterating over validation data...

Iterating over valid data...
	valid loss: 0.0152
	Sequence Accuracy: 0.8413
	Sequence length Accuracy: 0.9632
	Digits Accuracy: {1: 0.9239520958083832, 2: 0.9125702247191011, 3: 0.9062191510365252, 4: 0.9013157894736842, 5: 0.0}

Epoch: 29/60
# Start training #

Iterating over train data...
	train loss: 0.0018
	Sequence Accuracy: 0.8815
	Sequence length Accuracy: 0.9701
	Digits Accuracy: {1: 0.9450136384804737, 2: 0.9385057245150883, 3: 0.9550537162902872, 4: 0.9690402476780186, 5: 1.0}
Iterating over validation data...

Iterating over valid data...
	valid loss: 0.0591
	Sequence Accuracy: 0.8392
	Sequence length Accuracy: 0.9617
	Digits Accuracy: {1: 0.9230538922155689, 2: 0.918188202247191, 3: 0.910167818361303, 4: 0.8552631578947368, 5: 0.0}

Epoch: 30/60
# Start training #

Iterating over train data...
	train loss: 0.0001
	Sequence Accuracy: 0.8866
	Sequence length Accuracy: 0.9728
	Digits Accuracy: {1: 0.9461446344221941, 2: 0.9414171617421411, 3: 0.9577943433457575, 4: 0.9698142414860681, 5: 1.0}
Iterating over validation data...

Iterating over valid data...
	valid loss: 0.0101
	Sequence Accuracy: 0.8392
	Sequence length Accuracy: 0.9596
	Digits Accuracy: {1: 0.9275449101796407, 2: 0.9164325842696629, 3: 0.9052319842053307, 4: 0.8223684210526315, 5: 0.0}
Checkpointing new model...

Epoch: 31/60
# Start training #

Iterating over train data...
	train loss: 0.0005
	Sequence Accuracy: 0.8798
	Sequence length Accuracy: 0.9698
	Digits Accuracy: {1: 0.9453462843456856, 2: 0.9385057245150883, 3: 0.9516553387415041, 4: 0.9628482972136223, 5: 1.0}
Iterating over validation data...

Iterating over valid data...
	valid loss: 0.0022
	Sequence Accuracy: 0.8404
	Sequence length Accuracy: 0.9599
	Digits Accuracy: {1: 0.9293413173652695, 2: 0.9132724719101124, 3: 0.9022704837117473, 4: 0.8881578947368421, 5: 0.0}

Epoch: 32/60
# Start training #

Iterating over train data...
	train loss: 0.0006
	Sequence Accuracy: 0.8952
	Sequence length Accuracy: 0.9733
	Digits Accuracy: {1: 0.9502361785643004, 2: 0.9476334736593618, 3: 0.9637140977855734, 4: 0.9791021671826625, 5: 1.0}
Iterating over validation data...

Iterating over valid data...
	valid loss: 0.0114
	Sequence Accuracy: 0.8093
	Sequence length Accuracy: 0.9488
	Digits Accuracy: {1: 0.9221556886227545, 2: 0.8995786516853933, 3: 0.8864758144126358, 4: 0.7828947368421053, 5: 0.0}

Epoch: 33/60
# Start training #

Iterating over train data...
	train loss: 0.0012
	Sequence Accuracy: 0.8863
	Sequence length Accuracy: 0.9717
	Digits Accuracy: {1: 0.9476415408156477, 2: 0.9420466616831255, 3: 0.9560403420302566, 4: 0.9620743034055728, 5: 1.0}
Iterating over validation data...

Iterating over valid data...
	valid loss: 0.0152
	Sequence Accuracy: 0.8015
	Sequence length Accuracy: 0.9545
	Digits Accuracy: {1: 0.9089820359281438, 2: 0.8879915730337079, 3: 0.8726554787759131, 4: 0.756578947368421, 5: 0.0}

Epoch: 34/60
# Start training #

Iterating over train data...
	train loss: 0.0011
	Sequence Accuracy: 0.8831
	Sequence length Accuracy: 0.9718
	Digits Accuracy: {1: 0.9470427782582662, 2: 0.9414958492347641, 3: 0.9543959657969744, 4: 0.9574303405572755, 5: 1.0}
Iterating over validation data...

Iterating over valid data...
	valid loss: 0.0646
	Sequence Accuracy: 0.8476
	Sequence length Accuracy: 0.9635
	Digits Accuracy: {1: 0.9275449101796407, 2: 0.9174859550561798, 3: 0.914116485686081, 4: 0.8881578947368421, 5: 0.0}

Epoch: 35/60
# Start training #

Iterating over train data...
	train loss: 0.0007
	Sequence Accuracy: 0.9129
	Sequence length Accuracy: 0.9780
	Digits Accuracy: {1: 0.9574878584259198, 2: 0.9565645040720777, 3: 0.9777461083095812, 4: 0.9883900928792569, 5: 1.0}
Iterating over validation data...

Iterating over valid data...
	valid loss: 0.0055
	Sequence Accuracy: 0.8488
	Sequence length Accuracy: 0.9620
	Digits Accuracy: {1: 0.9281437125748503, 2: 0.9192415730337079, 3: 0.914116485686081, 4: 0.9210526315789473, 5: 0.0}

Epoch: 36/60
# Start training #

Iterating over train data...
	train loss: 0.0027
	Sequence Accuracy: 0.8920
	Sequence length Accuracy: 0.9732
	Digits Accuracy: {1: 0.9512008515734149, 2: 0.9460990675532124, 3: 0.9552729664547248, 4: 0.9605263157894737, 5: 1.0}
Iterating over validation data...

Iterating over valid data...
	valid loss: 0.0198
	Sequence Accuracy: 0.8359
	Sequence length Accuracy: 0.9617
	Digits Accuracy: {1: 0.9239520958083832, 2: 0.9146769662921348, 3: 0.8953603158933859, 4: 0.8618421052631579, 5: 0.0}

Epoch: 37/60
# Start training #

Iterating over train data...
	train loss: 0.0001
	Sequence Accuracy: 0.9097
	Sequence length Accuracy: 0.9774
	Digits Accuracy: {1: 0.9581198855698224, 2: 0.9563677853405201, 3: 0.971497478623109, 4: 0.9860681114551083, 5: 1.0}
Iterating over validation data...

Iterating over valid data...
	valid loss: 0.0247
	Sequence Accuracy: 0.8539
	Sequence length Accuracy: 0.9635
	Digits Accuracy: {1: 0.9308383233532934, 2: 0.922752808988764, 3: 0.912142152023692, 4: 0.8881578947368421, 5: 0.0}

Epoch: 38/60
# Start training #

Iterating over train data...
	train loss: 0.0002
	Sequence Accuracy: 0.9135
	Sequence length Accuracy: 0.9777
	Digits Accuracy: {1: 0.9598829086554455, 2: 0.9577448164614235, 3: 0.9752247314185486, 4: 0.9845201238390093, 5: 1.0}
Iterating over validation data...

Iterating over valid data...
	valid loss: 0.0151
	Sequence Accuracy: 0.8536
	Sequence length Accuracy: 0.9593
	Digits Accuracy: {1: 0.9311377245508982, 2: 0.9241573033707865, 3: 0.9200394866732478, 4: 0.9144736842105263, 5: 0.0}

Epoch: 39/60
# Start training #

Iterating over train data...
	train loss: 0.0009
	Sequence Accuracy: 0.9106
	Sequence length Accuracy: 0.9763
	Digits Accuracy: {1: 0.9593174106845852, 2: 0.9563677853405201, 3: 0.9732514799386099, 4: 0.978328173374613, 5: 1.0}
Iterating over validation data...

Iterating over valid data...
	valid loss: 0.0028
	Sequence Accuracy: 0.8036
	Sequence length Accuracy: 0.9548
	Digits Accuracy: {1: 0.9065868263473054, 2: 0.8911516853932584, 3: 0.8943731490621916, 4: 0.9013157894736842, 5: 0.0}

Epoch: 40/60
# Start training #

Iterating over train data...
	train loss: 0.0022
	Sequence Accuracy: 0.9067
	Sequence length Accuracy: 0.9774
	Digits Accuracy: {1: 0.9566895083494112, 2: 0.9544005980249439, 3: 0.9723744792808595, 4: 0.9729102167182663, 5: 1.0}
Iterating over validation data...

Iterating over valid data...
	valid loss: 0.0113
	Sequence Accuracy: 0.8479
	Sequence length Accuracy: 0.9632
	Digits Accuracy: {1: 0.9284431137724551, 2: 0.9202949438202247, 3: 0.9230009871668312, 4: 0.9013157894736842, 5: 0.0}
Checkpointing new model...

Epoch: 41/60
# Start training #

Iterating over train data...
	train loss: 0.0009
	Sequence Accuracy: 0.9104
	Sequence length Accuracy: 0.9779
	Digits Accuracy: {1: 0.9600159670015301, 2: 0.9574694102372427, 3: 0.9699627274720456, 4: 0.9721362229102167, 5: 1.0}
Iterating over validation data...

Iterating over valid data...
	valid loss: 0.0024
	Sequence Accuracy: 0.8180
	Sequence length Accuracy: 0.9569
	Digits Accuracy: {1: 0.9164670658682634, 2: 0.9030898876404494, 3: 0.8795656465942744, 4: 0.8289473684210527, 5: 0.0}

Epoch: 42/60
# Start training #

Iterating over train data...
Set compute mode to DEFAULT for GPU 00000000:88:00.0.
All done.
